2024-12-06 08:24:56.689 [info] [main] Log level: Info
2024-12-06 08:24:56.689 [info] [main] Validating found git in: "git"
2024-12-06 08:24:56.689 [info] [main] Using git "2.34.1" from "git"
2024-12-06 08:24:56.689 [info] [Model][doInitialScan] Initial repository scan started
2024-12-06 08:24:56.689 [info] > git rev-parse --show-toplevel [61ms]
2024-12-06 08:24:56.689 [info] fatal: not a git repository (or any of the parent directories): .git
2024-12-06 08:24:56.689 [info] > git rev-parse --show-toplevel [1ms]
2024-12-06 08:24:56.689 [info] fatal: not a git repository (or any of the parent directories): .git
2024-12-06 08:24:56.689 [info] > git rev-parse --show-toplevel [1ms]
2024-12-06 08:24:56.689 [info] fatal: not a git repository (or any of the parent directories): .git
2024-12-06 08:24:56.689 [info] > git rev-parse --show-toplevel [1ms]
2024-12-06 08:24:56.689 [info] fatal: not a git repository (or any of the parent directories): .git
2024-12-06 08:24:56.689 [info] > git rev-parse --show-toplevel [2ms]
2024-12-06 08:24:56.689 [info] fatal: not a git repository (or any of the parent directories): .git
2024-12-06 08:24:56.689 [info] > git rev-parse --show-toplevel [1ms]
2024-12-06 08:24:56.689 [info] fatal: not a git repository (or any of the parent directories): .git
2024-12-06 08:24:56.689 [info] > git rev-parse --show-toplevel [1ms]
2024-12-06 08:24:56.689 [info] fatal: not a git repository (or any of the parent directories): .git
2024-12-06 08:24:56.689 [info] > git rev-parse --show-toplevel [1ms]
2024-12-06 08:24:56.689 [info] fatal: not a git repository (or any of the parent directories): .git
2024-12-06 08:24:56.689 [info] > git rev-parse --show-toplevel [0ms]
2024-12-06 08:24:56.689 [info] fatal: not a git repository (or any of the parent directories): .git
2024-12-06 08:24:56.689 [info] > git rev-parse --show-toplevel [1ms]
2024-12-06 08:24:56.689 [info] fatal: not a git repository (or any of the parent directories): .git
2024-12-06 08:24:56.689 [info] > git rev-parse --show-toplevel [1ms]
2024-12-06 08:24:56.689 [info] fatal: not a git repository (or any of the parent directories): .git
2024-12-06 08:24:56.690 [info] > git rev-parse --show-toplevel [1ms]
2024-12-06 08:24:56.690 [info] fatal: not a git repository (or any of the parent directories): .git
2024-12-06 08:24:56.693 [info] > git rev-parse --show-toplevel [1ms]
2024-12-06 08:24:56.693 [info] fatal: not a git repository (or any of the parent directories): .git
2024-12-06 08:24:56.696 [info] [Model][doInitialScan] Initial repository scan completed - repositories (0), closed repositories (0), parent repositories (0), unsafe repositories (0)
2024-12-06 08:25:37.326 [info] > git rev-parse --show-toplevel [2ms]
2024-12-06 08:25:37.326 [info] fatal: not a git repository (or any of the parent directories): .git
2024-12-06 08:33:00.883 [info] > git rev-parse --show-toplevel [1ms]
2024-12-06 08:33:00.883 [info] fatal: not a git repository (or any of the parent directories): .git
2024-12-06 08:33:05.898 [info] > git rev-parse --show-toplevel [1ms]
2024-12-06 08:33:05.898 [info] fatal: not a git repository (or any of the parent directories): .git
