2024-12-07 12:08:31.878 [info] [main] Log level: Info
2024-12-07 12:08:31.878 [info] [main] Validating found git in: "git"
2024-12-07 12:08:31.878 [info] [main] Using git "2.34.1" from "git"
2024-12-07 12:08:31.878 [info] [Model][doInitialScan] Initial repository scan started
2024-12-07 12:08:31.878 [info] > git rev-parse --show-toplevel [97ms]
2024-12-07 12:08:31.878 [info] fatal: not a git repository (or any of the parent directories): .git
2024-12-07 12:08:31.878 [info] > git rev-parse --show-toplevel [12ms]
2024-12-07 12:08:31.878 [info] fatal: not a git repository (or any of the parent directories): .git
2024-12-07 12:08:31.883 [info] > git rev-parse --show-toplevel [1ms]
2024-12-07 12:08:31.884 [info] fatal: not a git repository (or any of the parent directories): .git
2024-12-07 12:08:31.887 [info] > git rev-parse --show-toplevel [1ms]
2024-12-07 12:08:31.887 [info] fatal: not a git repository (or any of the parent directories): .git
2024-12-07 12:08:31.890 [info] > git rev-parse --show-toplevel [0ms]
2024-12-07 12:08:31.890 [info] fatal: not a git repository (or any of the parent directories): .git
2024-12-07 12:08:31.893 [info] > git rev-parse --show-toplevel [1ms]
2024-12-07 12:08:31.893 [info] fatal: not a git repository (or any of the parent directories): .git
2024-12-07 12:08:31.896 [info] > git rev-parse --show-toplevel [1ms]
2024-12-07 12:08:31.896 [info] fatal: not a git repository (or any of the parent directories): .git
2024-12-07 12:08:31.901 [info] > git rev-parse --show-toplevel [1ms]
2024-12-07 12:08:31.901 [info] fatal: not a git repository (or any of the parent directories): .git
2024-12-07 12:08:31.905 [info] > git rev-parse --show-toplevel [1ms]
2024-12-07 12:08:31.905 [info] fatal: not a git repository (or any of the parent directories): .git
2024-12-07 12:08:31.909 [info] > git rev-parse --show-toplevel [2ms]
2024-12-07 12:08:31.909 [info] fatal: not a git repository (or any of the parent directories): .git
2024-12-07 12:08:31.912 [info] > git rev-parse --show-toplevel [1ms]
2024-12-07 12:08:31.912 [info] fatal: not a git repository (or any of the parent directories): .git
2024-12-07 12:08:31.917 [info] > git rev-parse --show-toplevel [0ms]
2024-12-07 12:08:31.917 [info] fatal: not a git repository (or any of the parent directories): .git
2024-12-07 12:08:31.920 [info] > git rev-parse --show-toplevel [0ms]
2024-12-07 12:08:31.920 [info] fatal: not a git repository (or any of the parent directories): .git
2024-12-07 12:08:31.923 [info] [Model][doInitialScan] Initial repository scan completed - repositories (0), closed repositories (0), parent repositories (0), unsafe repositories (0)
2024-12-07 12:10:07.133 [info] > git rev-parse --show-toplevel [2ms]
2024-12-07 12:10:07.133 [info] fatal: not a git repository (or any of the parent directories): .git
2024-12-07 12:10:30.626 [info] > git rev-parse --show-toplevel [3ms]
2024-12-07 12:10:30.626 [info] fatal: not a git repository (or any of the parent directories): .git
2024-12-07 12:10:31.700 [info] > git rev-parse --show-toplevel [0ms]
2024-12-07 12:10:31.700 [info] fatal: not a git repository (or any of the parent directories): .git
2024-12-07 12:10:36.414 [info] > git rev-parse --show-toplevel [1ms]
2024-12-07 12:10:36.414 [info] fatal: not a git repository (or any of the parent directories): .git
2024-12-07 12:10:37.417 [info] > git rev-parse --show-toplevel [4ms]
2024-12-07 12:10:37.417 [info] fatal: not a git repository (or any of the parent directories): .git
2024-12-07 12:10:43.493 [info] > git rev-parse --show-toplevel [4ms]
2024-12-07 12:10:43.493 [info] fatal: not a git repository (or any of the parent directories): .git
2024-12-07 12:10:45.277 [info] > git rev-parse --show-toplevel [3ms]
2024-12-07 12:10:45.277 [info] fatal: not a git repository (or any of the parent directories): .git
2024-12-07 12:12:43.342 [info] > git rev-parse --show-toplevel [1ms]
2024-12-07 12:12:43.342 [info] fatal: not a git repository (or any of the parent directories): .git
2024-12-07 12:34:06.931 [info] > git rev-parse --show-toplevel [1ms]
2024-12-07 12:34:06.931 [info] fatal: not a git repository (or any of the parent directories): .git
2024-12-07 12:34:09.971 [info] > git rev-parse --show-toplevel [2ms]
2024-12-07 12:34:09.971 [info] fatal: not a git repository (or any of the parent directories): .git
2024-12-07 12:38:48.402 [info] > git rev-parse --show-toplevel [3ms]
2024-12-07 12:38:48.403 [info] fatal: not a git repository (or any of the parent directories): .git
2024-12-07 12:42:31.149 [info] > git rev-parse --show-toplevel [1ms]
2024-12-07 12:42:31.149 [info] fatal: not a git repository (or any of the parent directories): .git
2024-12-07 12:46:49.488 [info] > git rev-parse --show-toplevel [1ms]
2024-12-07 12:46:49.488 [info] fatal: not a git repository (or any of the parent directories): .git
2024-12-07 12:53:47.573 [info] > git rev-parse --show-toplevel [1ms]
2024-12-07 12:53:47.573 [info] fatal: not a git repository (or any of the parent directories): .git
2024-12-07 12:53:50.088 [info] > git rev-parse --show-toplevel [1ms]
2024-12-07 12:53:50.088 [info] fatal: not a git repository (or any of the parent directories): .git
2024-12-07 12:53:57.691 [info] > git rev-parse --show-toplevel [1ms]
2024-12-07 12:53:57.691 [info] fatal: not a git repository (or any of the parent directories): .git
2024-12-07 12:53:58.838 [info] > git rev-parse --show-toplevel [1ms]
2024-12-07 12:53:58.838 [info] fatal: not a git repository (or any of the parent directories): .git
2024-12-07 12:54:00.395 [info] > git rev-parse --show-toplevel [1ms]
2024-12-07 12:54:00.395 [info] fatal: not a git repository (or any of the parent directories): .git
2024-12-07 12:54:04.913 [info] > git rev-parse --show-toplevel [1ms]
2024-12-07 12:54:04.913 [info] fatal: not a git repository (or any of the parent directories): .git
2024-12-07 12:54:05.803 [info] > git rev-parse --show-toplevel [2ms]
2024-12-07 12:54:05.803 [info] fatal: not a git repository (or any of the parent directories): .git
2024-12-07 12:54:09.425 [info] > git rev-parse --show-toplevel [1ms]
2024-12-07 12:54:09.425 [info] fatal: not a git repository (or any of the parent directories): .git
2024-12-07 12:54:29.241 [info] > git rev-parse --show-toplevel [3ms]
2024-12-07 12:54:29.241 [info] fatal: not a git repository (or any of the parent directories): .git
2024-12-07 13:04:30.956 [info] > git rev-parse --show-toplevel [1ms]
2024-12-07 13:04:30.956 [info] fatal: not a git repository (or any of the parent directories): .git
2024-12-07 13:05:35.071 [info] > git rev-parse --show-toplevel [1ms]
2024-12-07 13:05:35.071 [info] fatal: not a git repository (or any of the parent directories): .git
2024-12-07 13:05:35.074 [info] > git rev-parse --show-toplevel [1ms]
2024-12-07 13:05:35.074 [info] fatal: not a git repository (or any of the parent directories): .git
2024-12-07 13:05:35.078 [info] > git rev-parse --show-toplevel [0ms]
2024-12-07 13:05:35.078 [info] fatal: not a git repository (or any of the parent directories): .git
2024-12-07 13:05:35.081 [info] > git rev-parse --show-toplevel [1ms]
2024-12-07 13:05:35.081 [info] fatal: not a git repository (or any of the parent directories): .git
2024-12-07 13:05:35.083 [info] > git rev-parse --show-toplevel [0ms]
2024-12-07 13:05:35.083 [info] fatal: not a git repository (or any of the parent directories): .git
2024-12-07 13:05:35.086 [info] > git rev-parse --show-toplevel [0ms]
2024-12-07 13:05:35.086 [info] fatal: not a git repository (or any of the parent directories): .git
2024-12-07 13:05:35.089 [info] > git rev-parse --show-toplevel [1ms]
2024-12-07 13:05:35.089 [info] fatal: not a git repository (or any of the parent directories): .git
2024-12-07 13:05:35.091 [info] > git rev-parse --show-toplevel [0ms]
2024-12-07 13:05:35.091 [info] fatal: not a git repository (or any of the parent directories): .git
2024-12-07 13:05:35.094 [info] > git rev-parse --show-toplevel [0ms]
2024-12-07 13:05:35.094 [info] fatal: not a git repository (or any of the parent directories): .git
2024-12-07 13:05:35.097 [info] > git rev-parse --show-toplevel [1ms]
2024-12-07 13:05:35.097 [info] fatal: not a git repository (or any of the parent directories): .git
2024-12-07 13:06:07.669 [info] > git rev-parse --show-toplevel [0ms]
2024-12-07 13:06:07.669 [info] fatal: not a git repository (or any of the parent directories): .git
2024-12-07 13:06:08.238 [info] > git rev-parse --show-toplevel [1ms]
2024-12-07 13:06:08.238 [info] fatal: not a git repository (or any of the parent directories): .git
2024-12-07 13:06:10.078 [info] > git rev-parse --show-toplevel [1ms]
2024-12-07 13:06:10.078 [info] fatal: not a git repository (or any of the parent directories): .git
2024-12-07 13:06:11.480 [info] > git rev-parse --show-toplevel [3ms]
2024-12-07 13:06:11.480 [info] fatal: not a git repository (or any of the parent directories): .git
2024-12-07 13:06:12.813 [info] > git rev-parse --show-toplevel [2ms]
2024-12-07 13:06:12.813 [info] fatal: not a git repository (or any of the parent directories): .git
2024-12-07 13:06:14.333 [info] > git rev-parse --show-toplevel [1ms]
2024-12-07 13:06:14.333 [info] fatal: not a git repository (or any of the parent directories): .git
2024-12-07 13:06:20.870 [info] > git rev-parse --show-toplevel [2ms]
2024-12-07 13:06:20.870 [info] fatal: not a git repository (or any of the parent directories): .git
2024-12-07 13:06:23.290 [info] > git rev-parse --show-toplevel [1ms]
2024-12-07 13:06:23.290 [info] fatal: not a git repository (or any of the parent directories): .git
2024-12-07 13:06:24.747 [info] > git rev-parse --show-toplevel [0ms]
2024-12-07 13:06:24.747 [info] fatal: not a git repository (or any of the parent directories): .git
2024-12-07 13:09:10.171 [info] > git rev-parse --show-toplevel [0ms]
2024-12-07 13:09:10.171 [info] fatal: not a git repository (or any of the parent directories): .git
2024-12-07 13:52:56.038 [info] > git rev-parse --show-toplevel [1ms]
2024-12-07 13:52:56.038 [info] fatal: not a git repository (or any of the parent directories): .git
2024-12-07 14:18:01.126 [info] > git rev-parse --show-toplevel [1ms]
2024-12-07 14:18:01.126 [info] fatal: not a git repository (or any of the parent directories): .git
2024-12-07 14:18:58.639 [info] > git rev-parse --show-toplevel [2ms]
2024-12-07 14:18:58.639 [info] fatal: not a git repository (or any of the parent directories): .git
2024-12-07 14:19:03.443 [info] > git rev-parse --show-toplevel [1ms]
2024-12-07 14:19:03.443 [info] fatal: not a git repository (or any of the parent directories): .git
2024-12-07 14:21:32.974 [info] > git rev-parse --show-toplevel [1ms]
2024-12-07 14:21:32.974 [info] fatal: not a git repository (or any of the parent directories): .git
2024-12-07 14:31:04.457 [info] > git rev-parse --show-toplevel [2ms]
2024-12-07 14:31:04.457 [info] fatal: not a git repository (or any of the parent directories): .git
2024-12-07 14:31:16.520 [info] > git rev-parse --show-toplevel [1ms]
2024-12-07 14:31:16.520 [info] fatal: not a git repository (or any of the parent directories): .git
2024-12-07 14:31:22.923 [info] > git rev-parse --show-toplevel [1ms]
2024-12-07 14:31:22.923 [info] fatal: not a git repository (or any of the parent directories): .git
2024-12-07 14:31:24.757 [info] > git rev-parse --show-toplevel [2ms]
2024-12-07 14:31:24.757 [info] fatal: not a git repository (or any of the parent directories): .git
2024-12-07 14:31:44.212 [info] > git rev-parse --show-toplevel [2ms]
2024-12-07 14:31:44.212 [info] fatal: not a git repository (or any of the parent directories): .git
2024-12-07 14:33:34.914 [info] > git rev-parse --show-toplevel [1ms]
2024-12-07 14:33:34.914 [info] fatal: not a git repository (or any of the parent directories): .git
2024-12-07 14:39:25.081 [info] > git rev-parse --show-toplevel [0ms]
2024-12-07 14:39:25.081 [info] fatal: not a git repository (or any of the parent directories): .git
2024-12-07 14:41:30.651 [info] > git rev-parse --show-toplevel [1ms]
2024-12-07 14:41:30.652 [info] fatal: not a git repository (or any of the parent directories): .git
2024-12-07 14:41:43.142 [info] > git rev-parse --show-toplevel [1ms]
2024-12-07 14:41:43.142 [info] fatal: not a git repository (or any of the parent directories): .git
2024-12-07 14:41:48.167 [info] > git rev-parse --show-toplevel [1ms]
2024-12-07 14:41:48.167 [info] fatal: not a git repository (or any of the parent directories): .git
2024-12-07 14:42:39.622 [info] > git rev-parse --show-toplevel [1ms]
2024-12-07 14:42:39.622 [info] fatal: not a git repository (or any of the parent directories): .git
2024-12-07 14:42:43.329 [info] > git rev-parse --show-toplevel [2ms]
2024-12-07 14:42:43.329 [info] fatal: not a git repository (or any of the parent directories): .git
2024-12-07 14:43:24.574 [info] > git rev-parse --show-toplevel [1ms]
2024-12-07 14:43:24.574 [info] fatal: not a git repository (or any of the parent directories): .git
2024-12-07 14:44:42.007 [info] > git rev-parse --show-toplevel [1ms]
2024-12-07 14:44:42.007 [info] fatal: not a git repository (or any of the parent directories): .git
2024-12-07 14:46:01.084 [info] > git rev-parse --show-toplevel [1ms]
2024-12-07 14:46:01.084 [info] fatal: not a git repository (or any of the parent directories): .git
2024-12-07 15:00:32.891 [info] > git rev-parse --show-toplevel [2ms]
2024-12-07 15:00:32.891 [info] fatal: not a git repository (or any of the parent directories): .git
2024-12-07 15:01:55.359 [info] > git rev-parse --show-toplevel [2ms]
2024-12-07 15:01:55.359 [info] fatal: not a git repository (or any of the parent directories): .git
2024-12-07 15:02:07.841 [info] > git rev-parse --show-toplevel [1ms]
2024-12-07 15:02:07.841 [info] fatal: not a git repository (or any of the parent directories): .git
2024-12-07 15:02:09.320 [info] > git rev-parse --show-toplevel [2ms]
2024-12-07 15:02:09.320 [info] fatal: not a git repository (or any of the parent directories): .git
2024-12-07 15:03:23.800 [info] > git rev-parse --show-toplevel [3ms]
2024-12-07 15:03:23.800 [info] fatal: not a git repository (or any of the parent directories): .git
2024-12-07 15:03:26.554 [info] > git rev-parse --show-toplevel [3ms]
2024-12-07 15:03:26.554 [info] fatal: not a git repository (or any of the parent directories): .git
2024-12-07 15:03:30.328 [info] > git rev-parse --show-toplevel [2ms]
2024-12-07 15:03:30.328 [info] fatal: not a git repository (or any of the parent directories): .git
2024-12-07 15:03:33.208 [info] > git rev-parse --show-toplevel [3ms]
2024-12-07 15:03:33.208 [info] fatal: not a git repository (or any of the parent directories): .git
2024-12-07 15:03:35.289 [info] > git rev-parse --show-toplevel [1ms]
2024-12-07 15:03:35.289 [info] fatal: not a git repository (or any of the parent directories): .git
2024-12-07 15:03:53.469 [info] > git rev-parse --show-toplevel [1ms]
2024-12-07 15:03:53.469 [info] fatal: not a git repository (or any of the parent directories): .git
2024-12-07 15:03:59.633 [info] > git rev-parse --show-toplevel [2ms]
2024-12-07 15:03:59.633 [info] fatal: not a git repository (or any of the parent directories): .git
2024-12-07 15:04:00.986 [info] > git rev-parse --show-toplevel [1ms]
2024-12-07 15:04:00.986 [info] fatal: not a git repository (or any of the parent directories): .git
2024-12-07 15:04:01.766 [info] > git rev-parse --show-toplevel [1ms]
2024-12-07 15:04:01.766 [info] fatal: not a git repository (or any of the parent directories): .git
2024-12-07 15:04:02.913 [info] > git rev-parse --show-toplevel [1ms]
2024-12-07 15:04:02.913 [info] fatal: not a git repository (or any of the parent directories): .git
2024-12-07 15:04:07.461 [info] > git rev-parse --show-toplevel [0ms]
2024-12-07 15:04:07.461 [info] fatal: not a git repository (or any of the parent directories): .git
2024-12-07 15:04:15.781 [info] > git rev-parse --show-toplevel [1ms]
2024-12-07 15:04:15.781 [info] fatal: not a git repository (or any of the parent directories): .git
2024-12-07 15:04:17.352 [info] > git rev-parse --show-toplevel [1ms]
2024-12-07 15:04:17.352 [info] fatal: not a git repository (or any of the parent directories): .git
2024-12-07 15:16:22.979 [info] > git rev-parse --show-toplevel [1ms]
2024-12-07 15:16:22.979 [info] fatal: not a git repository (or any of the parent directories): .git
2024-12-07 15:17:48.436 [info] > git rev-parse --show-toplevel [5ms]
2024-12-07 15:17:48.436 [info] fatal: not a git repository (or any of the parent directories): .git
2024-12-07 15:17:49.344 [info] > git rev-parse --show-toplevel [1ms]
2024-12-07 15:17:49.344 [info] fatal: not a git repository (or any of the parent directories): .git
2024-12-07 15:17:50.143 [info] > git rev-parse --show-toplevel [4ms]
2024-12-07 15:17:50.143 [info] fatal: not a git repository (or any of the parent directories): .git
2024-12-07 15:17:51.326 [info] > git rev-parse --show-toplevel [1ms]
2024-12-07 15:17:51.326 [info] fatal: not a git repository (or any of the parent directories): .git
2024-12-07 15:17:52.002 [info] > git rev-parse --show-toplevel [0ms]
2024-12-07 15:17:52.002 [info] fatal: not a git repository (or any of the parent directories): .git
2024-12-07 15:18:32.828 [info] > git rev-parse --show-toplevel [0ms]
2024-12-07 15:18:32.829 [info] fatal: not a git repository (or any of the parent directories): .git
2024-12-07 15:18:37.257 [info] > git rev-parse --show-toplevel [2ms]
2024-12-07 15:18:37.257 [info] fatal: not a git repository (or any of the parent directories): .git
2024-12-07 15:18:43.233 [info] > git rev-parse --show-toplevel [1ms]
2024-12-07 15:18:43.233 [info] fatal: not a git repository (or any of the parent directories): .git
2024-12-07 15:18:44.252 [info] > git rev-parse --show-toplevel [0ms]
2024-12-07 15:18:44.252 [info] fatal: not a git repository (or any of the parent directories): .git
2024-12-07 15:19:56.239 [info] > git rev-parse --show-toplevel [1ms]
2024-12-07 15:19:56.239 [info] fatal: not a git repository (or any of the parent directories): .git
2024-12-07 15:19:58.463 [info] > git rev-parse --show-toplevel [1ms]
2024-12-07 15:19:58.463 [info] fatal: not a git repository (or any of the parent directories): .git
2024-12-07 15:20:00.912 [info] > git rev-parse --show-toplevel [0ms]
2024-12-07 15:20:00.912 [info] fatal: not a git repository (or any of the parent directories): .git
2024-12-07 15:20:01.993 [info] > git rev-parse --show-toplevel [1ms]
2024-12-07 15:20:01.993 [info] fatal: not a git repository (or any of the parent directories): .git
2024-12-07 15:20:06.326 [info] > git rev-parse --show-toplevel [1ms]
2024-12-07 15:20:06.326 [info] fatal: not a git repository (or any of the parent directories): .git
2024-12-07 15:20:08.788 [info] > git rev-parse --show-toplevel [2ms]
2024-12-07 15:20:08.788 [info] fatal: not a git repository (or any of the parent directories): .git
2024-12-07 15:24:28.813 [info] > git rev-parse --show-toplevel [1ms]
2024-12-07 15:24:28.813 [info] fatal: not a git repository (or any of the parent directories): .git
2024-12-07 15:24:47.192 [info] > git rev-parse --show-toplevel [1ms]
2024-12-07 15:24:47.192 [info] fatal: not a git repository (or any of the parent directories): .git
2024-12-07 15:24:47.409 [info] > git rev-parse --show-toplevel [3ms]
2024-12-07 15:24:47.409 [info] fatal: not a git repository (or any of the parent directories): .git
2024-12-07 15:24:49.552 [info] > git rev-parse --show-toplevel [2ms]
2024-12-07 15:24:49.552 [info] fatal: not a git repository (or any of the parent directories): .git
2024-12-07 15:25:57.875 [info] > git rev-parse --show-toplevel [1ms]
2024-12-07 15:25:57.875 [info] fatal: not a git repository (or any of the parent directories): .git
2024-12-07 15:26:00.842 [info] > git rev-parse --show-toplevel [1ms]
2024-12-07 15:26:00.842 [info] fatal: not a git repository (or any of the parent directories): .git
2024-12-07 15:26:00.845 [info] > git rev-parse --show-toplevel [1ms]
2024-12-07 15:26:00.845 [info] fatal: not a git repository (or any of the parent directories): .git
2024-12-07 15:26:03.329 [info] > git rev-parse --show-toplevel [2ms]
2024-12-07 15:26:03.329 [info] fatal: not a git repository (or any of the parent directories): .git
2024-12-07 15:26:05.600 [info] > git rev-parse --show-toplevel [1ms]
2024-12-07 15:26:05.600 [info] fatal: not a git repository (or any of the parent directories): .git
2024-12-07 15:26:05.604 [info] > git rev-parse --show-toplevel [2ms]
2024-12-07 15:26:05.604 [info] fatal: not a git repository (or any of the parent directories): .git
2024-12-07 15:26:07.021 [info] > git rev-parse --show-toplevel [1ms]
2024-12-07 15:26:07.021 [info] fatal: not a git repository (or any of the parent directories): .git
2024-12-07 15:26:09.369 [info] > git rev-parse --show-toplevel [1ms]
2024-12-07 15:26:09.369 [info] fatal: not a git repository (or any of the parent directories): .git
2024-12-07 15:26:10.993 [info] > git rev-parse --show-toplevel [1ms]
2024-12-07 15:26:10.993 [info] fatal: not a git repository (or any of the parent directories): .git
2024-12-07 15:26:16.886 [info] > git rev-parse --show-toplevel [2ms]
2024-12-07 15:26:16.886 [info] fatal: not a git repository (or any of the parent directories): .git
2024-12-07 15:26:17.793 [info] > git rev-parse --show-toplevel [1ms]
2024-12-07 15:26:17.793 [info] fatal: not a git repository (or any of the parent directories): .git
2024-12-07 15:26:19.857 [info] > git rev-parse --show-toplevel [1ms]
2024-12-07 15:26:19.857 [info] fatal: not a git repository (or any of the parent directories): .git
2024-12-07 15:26:20.554 [info] > git rev-parse --show-toplevel [1ms]
2024-12-07 15:26:20.554 [info] fatal: not a git repository (or any of the parent directories): .git
2024-12-07 15:28:13.960 [info] > git rev-parse --show-toplevel [1ms]
2024-12-07 15:28:13.960 [info] fatal: not a git repository (or any of the parent directories): .git
2024-12-07 15:28:14.858 [info] > git rev-parse --show-toplevel [1ms]
2024-12-07 15:28:14.858 [info] fatal: not a git repository (or any of the parent directories): .git
2024-12-07 15:29:01.610 [info] > git rev-parse --show-toplevel [1ms]
2024-12-07 15:29:01.611 [info] fatal: not a git repository (or any of the parent directories): .git
2024-12-07 15:29:02.843 [info] > git rev-parse --show-toplevel [1ms]
2024-12-07 15:29:02.843 [info] fatal: not a git repository (or any of the parent directories): .git
2024-12-07 15:29:05.512 [info] > git rev-parse --show-toplevel [2ms]
2024-12-07 15:29:05.512 [info] fatal: not a git repository (or any of the parent directories): .git
2024-12-07 15:29:06.397 [info] > git rev-parse --show-toplevel [2ms]
2024-12-07 15:29:06.397 [info] fatal: not a git repository (or any of the parent directories): .git
2024-12-07 15:29:26.502 [info] > git rev-parse --show-toplevel [1ms]
2024-12-07 15:29:26.502 [info] fatal: not a git repository (or any of the parent directories): .git
2024-12-07 15:29:28.395 [info] > git rev-parse --show-toplevel [1ms]
2024-12-07 15:29:28.395 [info] fatal: not a git repository (or any of the parent directories): .git
2024-12-07 15:29:31.093 [info] > git rev-parse --show-toplevel [1ms]
2024-12-07 15:29:31.094 [info] fatal: not a git repository (or any of the parent directories): .git
2024-12-07 15:29:32.181 [info] > git rev-parse --show-toplevel [1ms]
2024-12-07 15:29:32.181 [info] fatal: not a git repository (or any of the parent directories): .git
2024-12-07 15:30:10.763 [info] > git rev-parse --show-toplevel [1ms]
2024-12-07 15:30:10.763 [info] fatal: not a git repository (or any of the parent directories): .git
2024-12-07 15:30:11.791 [info] > git rev-parse --show-toplevel [1ms]
2024-12-07 15:30:11.791 [info] fatal: not a git repository (or any of the parent directories): .git
2024-12-07 15:30:17.858 [info] > git rev-parse --show-toplevel [1ms]
2024-12-07 15:30:17.858 [info] fatal: not a git repository (or any of the parent directories): .git
2024-12-07 15:30:30.337 [info] > git rev-parse --show-toplevel [2ms]
2024-12-07 15:30:30.337 [info] fatal: not a git repository (or any of the parent directories): .git
2024-12-07 15:30:31.097 [info] > git rev-parse --show-toplevel [1ms]
2024-12-07 15:30:31.097 [info] fatal: not a git repository (or any of the parent directories): .git
2024-12-07 15:30:32.254 [info] > git rev-parse --show-toplevel [2ms]
2024-12-07 15:30:32.254 [info] fatal: not a git repository (or any of the parent directories): .git
2024-12-07 15:30:33.255 [info] > git rev-parse --show-toplevel [2ms]
2024-12-07 15:30:33.255 [info] fatal: not a git repository (or any of the parent directories): .git
2024-12-07 15:33:11.790 [info] > git rev-parse --show-toplevel [1ms]
2024-12-07 15:33:11.790 [info] fatal: not a git repository (or any of the parent directories): .git
2024-12-07 15:33:38.957 [info] > git rev-parse --show-toplevel [1ms]
2024-12-07 15:33:38.957 [info] fatal: not a git repository (or any of the parent directories): .git
2024-12-07 15:33:38.961 [info] > git rev-parse --show-toplevel [1ms]
2024-12-07 15:33:38.961 [info] fatal: not a git repository (or any of the parent directories): .git
2024-12-07 15:33:56.340 [info] > git rev-parse --show-toplevel [2ms]
2024-12-07 15:33:56.340 [info] fatal: not a git repository (or any of the parent directories): .git
2024-12-07 15:35:05.980 [info] > git rev-parse --show-toplevel [1ms]
2024-12-07 15:35:05.980 [info] fatal: not a git repository (or any of the parent directories): .git
2024-12-07 15:35:05.984 [info] > git rev-parse --show-toplevel [1ms]
2024-12-07 15:35:05.984 [info] fatal: not a git repository (or any of the parent directories): .git
