2024-12-05 16:28:02.919 [info] [main] Log level: Info
2024-12-05 16:28:02.919 [info] [main] Validating found git in: "git"
2024-12-05 16:28:02.919 [info] [main] Using git "2.34.1" from "git"
2024-12-05 16:28:02.919 [info] [Model][doInitialScan] Initial repository scan started
2024-12-05 16:28:02.919 [info] > git rev-parse --show-toplevel [58ms]
2024-12-05 16:28:02.919 [info] fatal: not a git repository (or any of the parent directories): .git
2024-12-05 16:28:02.919 [info] > git rev-parse --show-toplevel [2ms]
2024-12-05 16:28:02.919 [info] fatal: not a git repository (or any of the parent directories): .git
2024-12-05 16:28:02.922 [info] > git rev-parse --show-toplevel [0ms]
2024-12-05 16:28:02.922 [info] fatal: not a git repository (or any of the parent directories): .git
2024-12-05 16:28:02.925 [info] > git rev-parse --show-toplevel [1ms]
2024-12-05 16:28:02.925 [info] fatal: not a git repository (or any of the parent directories): .git
2024-12-05 16:28:02.929 [info] > git rev-parse --show-toplevel [0ms]
2024-12-05 16:28:02.929 [info] fatal: not a git repository (or any of the parent directories): .git
2024-12-05 16:28:02.932 [info] > git rev-parse --show-toplevel [1ms]
2024-12-05 16:28:02.932 [info] fatal: not a git repository (or any of the parent directories): .git
2024-12-05 16:28:02.936 [info] > git rev-parse --show-toplevel [1ms]
2024-12-05 16:28:02.936 [info] fatal: not a git repository (or any of the parent directories): .git
2024-12-05 16:28:02.939 [info] > git rev-parse --show-toplevel [0ms]
2024-12-05 16:28:02.939 [info] fatal: not a git repository (or any of the parent directories): .git
2024-12-05 16:28:02.943 [info] > git rev-parse --show-toplevel [2ms]
2024-12-05 16:28:02.943 [info] fatal: not a git repository (or any of the parent directories): .git
2024-12-05 16:28:02.949 [info] > git rev-parse --show-toplevel [4ms]
2024-12-05 16:28:02.949 [info] fatal: not a git repository (or any of the parent directories): .git
2024-12-05 16:28:02.954 [info] > git rev-parse --show-toplevel [2ms]
2024-12-05 16:28:02.954 [info] fatal: not a git repository (or any of the parent directories): .git
2024-12-05 16:28:02.958 [info] > git rev-parse --show-toplevel [1ms]
2024-12-05 16:28:02.958 [info] fatal: not a git repository (or any of the parent directories): .git
2024-12-05 16:28:02.961 [info] > git rev-parse --show-toplevel [1ms]
2024-12-05 16:28:02.961 [info] fatal: not a git repository (or any of the parent directories): .git
2024-12-05 16:28:02.965 [info] [Model][doInitialScan] Initial repository scan completed - repositories (0), closed repositories (0), parent repositories (0), unsafe repositories (0)
2024-12-05 16:28:19.216 [info] > git rev-parse --show-toplevel [1ms]
2024-12-05 16:28:19.216 [info] fatal: not a git repository (or any of the parent directories): .git
2024-12-05 16:29:06.901 [info] > git rev-parse --show-toplevel [2ms]
2024-12-05 16:29:06.901 [info] fatal: not a git repository (or any of the parent directories): .git
2024-12-05 16:29:57.584 [info] > git rev-parse --show-toplevel [0ms]
2024-12-05 16:29:57.584 [info] fatal: not a git repository (or any of the parent directories): .git
2024-12-05 16:45:59.766 [info] > git rev-parse --show-toplevel [3ms]
2024-12-05 16:45:59.766 [info] fatal: not a git repository (or any of the parent directories): .git
2024-12-05 16:46:42.126 [info] > git rev-parse --show-toplevel [1ms]
2024-12-05 16:46:42.126 [info] fatal: not a git repository (or any of the parent directories): .git
2024-12-05 16:49:36.516 [info] > git rev-parse --show-toplevel [0ms]
2024-12-05 16:49:36.517 [info] fatal: not a git repository (or any of the parent directories): .git
2024-12-05 16:50:02.436 [info] > git rev-parse --show-toplevel [1ms]
2024-12-05 16:50:02.436 [info] fatal: not a git repository (or any of the parent directories): .git
2024-12-05 16:51:02.799 [info] > git rev-parse --show-toplevel [1ms]
2024-12-05 16:51:02.799 [info] fatal: not a git repository (or any of the parent directories): .git
2024-12-05 17:00:02.627 [info] > git rev-parse --show-toplevel [1ms]
2024-12-05 17:00:02.627 [info] fatal: not a git repository (or any of the parent directories): .git
2024-12-05 17:00:24.008 [info] > git rev-parse --show-toplevel [1ms]
2024-12-05 17:00:24.008 [info] fatal: not a git repository (or any of the parent directories): .git
2024-12-05 17:07:08.283 [info] > git rev-parse --show-toplevel [1ms]
2024-12-05 17:07:08.283 [info] fatal: not a git repository (or any of the parent directories): .git
2024-12-05 17:12:35.917 [info] > git rev-parse --show-toplevel [2ms]
2024-12-05 17:12:35.917 [info] fatal: not a git repository (or any of the parent directories): .git
2024-12-05 17:17:14.395 [info] > git rev-parse --show-toplevel [1ms]
2024-12-05 17:17:14.395 [info] fatal: not a git repository (or any of the parent directories): .git
2024-12-05 17:19:38.641 [info] > git rev-parse --show-toplevel [2ms]
2024-12-05 17:19:38.641 [info] fatal: not a git repository (or any of the parent directories): .git
2024-12-05 17:21:35.843 [info] > git rev-parse --show-toplevel [0ms]
2024-12-05 17:21:35.843 [info] fatal: not a git repository (or any of the parent directories): .git
2024-12-05 17:30:46.527 [info] > git rev-parse --show-toplevel [1ms]
2024-12-05 17:30:46.527 [info] fatal: not a git repository (or any of the parent directories): .git
2024-12-05 17:32:03.821 [info] > git rev-parse --show-toplevel [2ms]
2024-12-05 17:32:03.821 [info] fatal: not a git repository (or any of the parent directories): .git
2024-12-05 17:41:05.603 [info] > git rev-parse --show-toplevel [0ms]
2024-12-05 17:41:05.603 [info] fatal: not a git repository (or any of the parent directories): .git
2024-12-05 17:45:00.234 [info] > git rev-parse --show-toplevel [1ms]
2024-12-05 17:45:00.234 [info] fatal: not a git repository (or any of the parent directories): .git
2024-12-05 17:45:01.299 [info] > git rev-parse --show-toplevel [1ms]
2024-12-05 17:45:01.299 [info] fatal: not a git repository (or any of the parent directories): .git
2024-12-05 17:45:02.291 [info] > git rev-parse --show-toplevel [1ms]
2024-12-05 17:45:02.291 [info] fatal: not a git repository (or any of the parent directories): .git
2024-12-05 17:45:03.688 [info] > git rev-parse --show-toplevel [2ms]
2024-12-05 17:45:03.688 [info] fatal: not a git repository (or any of the parent directories): .git
2024-12-05 17:45:04.493 [info] > git rev-parse --show-toplevel [1ms]
2024-12-05 17:45:04.493 [info] fatal: not a git repository (or any of the parent directories): .git
2024-12-05 17:45:06.856 [info] > git rev-parse --show-toplevel [2ms]
2024-12-05 17:45:06.856 [info] fatal: not a git repository (or any of the parent directories): .git
2024-12-05 17:45:10.320 [info] > git rev-parse --show-toplevel [1ms]
2024-12-05 17:45:10.320 [info] fatal: not a git repository (or any of the parent directories): .git
2024-12-05 17:45:12.324 [info] > git rev-parse --show-toplevel [1ms]
2024-12-05 17:45:12.324 [info] fatal: not a git repository (or any of the parent directories): .git
2024-12-05 17:48:22.250 [info] > git rev-parse --show-toplevel [2ms]
2024-12-05 17:48:22.250 [info] fatal: not a git repository (or any of the parent directories): .git
2024-12-05 17:48:25.174 [info] > git rev-parse --show-toplevel [1ms]
2024-12-05 17:48:25.174 [info] fatal: not a git repository (or any of the parent directories): .git
2024-12-05 17:48:32.745 [info] > git rev-parse --show-toplevel [1ms]
2024-12-05 17:48:32.745 [info] fatal: not a git repository (or any of the parent directories): .git
2024-12-05 17:50:32.242 [info] > git rev-parse --show-toplevel [1ms]
2024-12-05 17:50:32.242 [info] fatal: not a git repository (or any of the parent directories): .git
2024-12-05 17:51:50.183 [info] > git rev-parse --show-toplevel [2ms]
2024-12-05 17:51:50.183 [info] fatal: not a git repository (or any of the parent directories): .git
2024-12-05 17:52:10.937 [info] > git rev-parse --show-toplevel [2ms]
2024-12-05 17:52:10.937 [info] fatal: not a git repository (or any of the parent directories): .git
2024-12-05 17:52:42.182 [info] > git rev-parse --show-toplevel [1ms]
2024-12-05 17:52:42.182 [info] fatal: not a git repository (or any of the parent directories): .git
2024-12-05 17:55:36.099 [info] > git rev-parse --show-toplevel [1ms]
2024-12-05 17:55:36.099 [info] fatal: not a git repository (or any of the parent directories): .git
2024-12-05 17:58:41.140 [info] > git rev-parse --show-toplevel [2ms]
2024-12-05 17:58:41.140 [info] fatal: not a git repository (or any of the parent directories): .git
2024-12-05 17:59:09.039 [info] > git rev-parse --show-toplevel [6ms]
2024-12-05 17:59:09.039 [info] fatal: not a git repository (or any of the parent directories): .git
2024-12-05 18:01:43.192 [info] > git rev-parse --show-toplevel [1ms]
2024-12-05 18:01:43.192 [info] fatal: not a git repository (or any of the parent directories): .git
2024-12-05 18:02:01.367 [info] > git rev-parse --show-toplevel [2ms]
2024-12-05 18:02:01.367 [info] fatal: not a git repository (or any of the parent directories): .git
2024-12-05 18:04:15.238 [info] > git rev-parse --show-toplevel [0ms]
2024-12-05 18:04:15.238 [info] fatal: not a git repository (or any of the parent directories): .git
2024-12-05 18:05:18.255 [info] > git rev-parse --show-toplevel [2ms]
2024-12-05 18:05:18.255 [info] fatal: not a git repository (or any of the parent directories): .git
2024-12-05 18:05:19.469 [info] > git rev-parse --show-toplevel [4ms]
2024-12-05 18:05:19.469 [info] fatal: not a git repository (or any of the parent directories): .git
2024-12-05 18:05:21.716 [info] > git rev-parse --show-toplevel [1ms]
2024-12-05 18:05:21.716 [info] fatal: not a git repository (or any of the parent directories): .git
2024-12-05 18:08:05.924 [info] > git rev-parse --show-toplevel [2ms]
2024-12-05 18:08:05.924 [info] fatal: not a git repository (or any of the parent directories): .git
2024-12-05 18:09:32.386 [info] > git rev-parse --show-toplevel [1ms]
2024-12-05 18:09:32.386 [info] fatal: not a git repository (or any of the parent directories): .git
2024-12-05 18:10:34.666 [info] > git rev-parse --show-toplevel [1ms]
2024-12-05 18:10:34.666 [info] fatal: not a git repository (or any of the parent directories): .git
2024-12-05 18:13:03.809 [info] > git rev-parse --show-toplevel [2ms]
2024-12-05 18:13:03.809 [info] fatal: not a git repository (or any of the parent directories): .git
2024-12-05 18:14:04.246 [info] > git rev-parse --show-toplevel [1ms]
2024-12-05 18:14:04.246 [info] fatal: not a git repository (or any of the parent directories): .git
2024-12-05 18:14:08.377 [info] > git rev-parse --show-toplevel [1ms]
2024-12-05 18:14:08.377 [info] fatal: not a git repository (or any of the parent directories): .git
2024-12-05 18:14:11.912 [info] > git rev-parse --show-toplevel [1ms]
2024-12-05 18:14:11.912 [info] fatal: not a git repository (or any of the parent directories): .git
2024-12-05 18:15:54.705 [info] > git rev-parse --show-toplevel [1ms]
2024-12-05 18:15:54.705 [info] fatal: not a git repository (or any of the parent directories): .git
2024-12-05 18:16:09.030 [info] > git rev-parse --show-toplevel [1ms]
2024-12-05 18:16:09.030 [info] fatal: not a git repository (or any of the parent directories): .git
2024-12-05 18:16:11.828 [info] > git rev-parse --show-toplevel [2ms]
2024-12-05 18:16:11.828 [info] fatal: not a git repository (or any of the parent directories): .git
2024-12-05 18:16:13.819 [info] > git rev-parse --show-toplevel [1ms]
2024-12-05 18:16:13.819 [info] fatal: not a git repository (or any of the parent directories): .git
2024-12-05 18:16:14.920 [info] > git rev-parse --show-toplevel [1ms]
2024-12-05 18:16:14.920 [info] fatal: not a git repository (or any of the parent directories): .git
2024-12-05 18:16:15.616 [info] > git rev-parse --show-toplevel [1ms]
2024-12-05 18:16:15.616 [info] fatal: not a git repository (or any of the parent directories): .git
2024-12-05 18:16:16.477 [info] > git rev-parse --show-toplevel [1ms]
2024-12-05 18:16:16.477 [info] fatal: not a git repository (or any of the parent directories): .git
2024-12-05 18:16:18.177 [info] > git rev-parse --show-toplevel [1ms]
2024-12-05 18:16:18.177 [info] fatal: not a git repository (or any of the parent directories): .git
2024-12-05 18:16:20.403 [info] > git rev-parse --show-toplevel [2ms]
2024-12-05 18:16:20.403 [info] fatal: not a git repository (or any of the parent directories): .git
2024-12-05 18:16:21.416 [info] > git rev-parse --show-toplevel [1ms]
2024-12-05 18:16:21.416 [info] fatal: not a git repository (or any of the parent directories): .git
2024-12-05 18:16:24.556 [info] > git rev-parse --show-toplevel [2ms]
2024-12-05 18:16:24.556 [info] fatal: not a git repository (or any of the parent directories): .git
2024-12-05 18:16:25.579 [info] > git rev-parse --show-toplevel [1ms]
2024-12-05 18:16:25.579 [info] fatal: not a git repository (or any of the parent directories): .git
2024-12-05 18:16:28.110 [info] > git rev-parse --show-toplevel [1ms]
2024-12-05 18:16:28.110 [info] fatal: not a git repository (or any of the parent directories): .git
2024-12-05 18:21:53.643 [info] > git rev-parse --show-toplevel [1ms]
2024-12-05 18:21:53.643 [info] fatal: not a git repository (or any of the parent directories): .git
2024-12-05 18:22:08.280 [info] > git rev-parse --show-toplevel [1ms]
2024-12-05 18:22:08.280 [info] fatal: not a git repository (or any of the parent directories): .git
2024-12-05 18:22:33.035 [info] > git rev-parse --show-toplevel [4ms]
2024-12-05 18:22:33.035 [info] fatal: not a git repository (or any of the parent directories): .git
2024-12-05 18:23:25.244 [info] > git rev-parse --show-toplevel [1ms]
2024-12-05 18:23:25.244 [info] fatal: not a git repository (or any of the parent directories): .git
2024-12-05 18:27:08.743 [info] > git rev-parse --show-toplevel [3ms]
2024-12-05 18:27:08.744 [info] fatal: not a git repository (or any of the parent directories): .git
2024-12-05 18:27:51.090 [info] > git rev-parse --show-toplevel [1ms]
2024-12-05 18:27:51.090 [info] fatal: not a git repository (or any of the parent directories): .git
2024-12-05 18:35:28.275 [info] > git rev-parse --show-toplevel [1ms]
2024-12-05 18:35:28.275 [info] fatal: not a git repository (or any of the parent directories): .git
2024-12-05 18:36:59.301 [info] > git rev-parse --show-toplevel [1ms]
2024-12-05 18:36:59.301 [info] fatal: not a git repository (or any of the parent directories): .git
2024-12-05 18:36:59.305 [info] > git rev-parse --show-toplevel [1ms]
2024-12-05 18:36:59.305 [info] fatal: not a git repository (or any of the parent directories): .git
2024-12-05 18:36:59.307 [info] > git rev-parse --show-toplevel [1ms]
2024-12-05 18:36:59.307 [info] fatal: not a git repository (or any of the parent directories): .git
2024-12-05 18:36:59.311 [info] > git rev-parse --show-toplevel [1ms]
2024-12-05 18:36:59.311 [info] fatal: not a git repository (or any of the parent directories): .git
2024-12-05 18:36:59.313 [info] > git rev-parse --show-toplevel [0ms]
2024-12-05 18:36:59.313 [info] fatal: not a git repository (or any of the parent directories): .git
2024-12-05 18:36:59.317 [info] > git rev-parse --show-toplevel [2ms]
2024-12-05 18:36:59.317 [info] fatal: not a git repository (or any of the parent directories): .git
2024-12-05 18:36:59.319 [info] > git rev-parse --show-toplevel [1ms]
2024-12-05 18:36:59.319 [info] fatal: not a git repository (or any of the parent directories): .git
2024-12-05 18:36:59.323 [info] > git rev-parse --show-toplevel [0ms]
2024-12-05 18:36:59.323 [info] fatal: not a git repository (or any of the parent directories): .git
2024-12-05 18:36:59.326 [info] > git rev-parse --show-toplevel [1ms]
2024-12-05 18:36:59.326 [info] fatal: not a git repository (or any of the parent directories): .git
2024-12-05 18:36:59.330 [info] > git rev-parse --show-toplevel [1ms]
2024-12-05 18:36:59.330 [info] fatal: not a git repository (or any of the parent directories): .git
2024-12-05 18:59:21.563 [info] > git rev-parse --show-toplevel [1ms]
2024-12-05 18:59:21.563 [info] fatal: not a git repository (or any of the parent directories): .git
2024-12-05 19:01:50.127 [info] > git rev-parse --show-toplevel [0ms]
2024-12-05 19:01:50.127 [info] fatal: not a git repository (or any of the parent directories): .git
2024-12-05 19:08:09.941 [info] > git rev-parse --show-toplevel [2ms]
2024-12-05 19:08:09.941 [info] fatal: not a git repository (or any of the parent directories): .git
2024-12-05 19:08:43.678 [info] > git rev-parse --show-toplevel [0ms]
2024-12-05 19:08:43.678 [info] fatal: not a git repository (or any of the parent directories): .git
2024-12-05 19:18:43.189 [info] > git rev-parse --show-toplevel [1ms]
2024-12-05 19:18:43.189 [info] fatal: not a git repository (or any of the parent directories): .git
2024-12-05 19:20:02.772 [info] > git rev-parse --show-toplevel [1ms]
2024-12-05 19:20:02.772 [info] fatal: not a git repository (or any of the parent directories): .git
2024-12-05 19:21:56.918 [info] > git rev-parse --show-toplevel [1ms]
2024-12-05 19:21:56.918 [info] fatal: not a git repository (or any of the parent directories): .git
2024-12-05 19:22:39.864 [info] > git rev-parse --show-toplevel [1ms]
2024-12-05 19:22:39.864 [info] fatal: not a git repository (or any of the parent directories): .git
2024-12-05 19:22:45.740 [info] > git rev-parse --show-toplevel [1ms]
2024-12-05 19:22:45.740 [info] fatal: not a git repository (or any of the parent directories): .git
2024-12-05 19:23:51.380 [info] > git rev-parse --show-toplevel [2ms]
2024-12-05 19:23:51.380 [info] fatal: not a git repository (or any of the parent directories): .git
2024-12-05 19:24:32.092 [info] > git rev-parse --show-toplevel [1ms]
2024-12-05 19:24:32.092 [info] fatal: not a git repository (or any of the parent directories): .git
2024-12-05 19:24:52.280 [info] > git rev-parse --show-toplevel [1ms]
2024-12-05 19:24:52.280 [info] fatal: not a git repository (or any of the parent directories): .git
2024-12-05 19:26:26.635 [info] > git rev-parse --show-toplevel [1ms]
2024-12-05 19:26:26.635 [info] fatal: not a git repository (or any of the parent directories): .git
2024-12-05 19:26:38.122 [info] > git rev-parse --show-toplevel [2ms]
2024-12-05 19:26:38.122 [info] fatal: not a git repository (or any of the parent directories): .git
2024-12-05 19:27:21.490 [info] > git rev-parse --show-toplevel [0ms]
2024-12-05 19:27:21.490 [info] fatal: not a git repository (or any of the parent directories): .git
2024-12-05 19:27:29.890 [info] > git rev-parse --show-toplevel [1ms]
2024-12-05 19:27:29.891 [info] fatal: not a git repository (or any of the parent directories): .git
2024-12-05 19:27:36.404 [info] > git rev-parse --show-toplevel [2ms]
2024-12-05 19:27:36.404 [info] fatal: not a git repository (or any of the parent directories): .git
2024-12-05 19:28:34.443 [info] > git rev-parse --show-toplevel [1ms]
2024-12-05 19:28:34.443 [info] fatal: not a git repository (or any of the parent directories): .git
2024-12-05 19:37:57.459 [info] > git rev-parse --show-toplevel [2ms]
2024-12-05 19:37:57.459 [info] fatal: not a git repository (or any of the parent directories): .git
2024-12-05 19:38:26.161 [info] > git rev-parse --show-toplevel [2ms]
2024-12-05 19:38:26.161 [info] fatal: not a git repository (or any of the parent directories): .git
2024-12-05 19:39:49.498 [warning] [Model][getRepositoryExact] Failed to get repository realpath for: "/var/www/sunnydays/vendor/composer/992a7809/hamcrest-hamcrest-php-8c3d0a3/". Error:Error: ENOENT: no such file or directory, realpath '/var/www/sunnydays/vendor/composer/992a7809/hamcrest-hamcrest-php-8c3d0a3/'
2024-12-05 19:41:34.049 [info] > git rev-parse --show-toplevel [1ms]
2024-12-05 19:41:34.049 [info] fatal: not a git repository (or any of the parent directories): .git
2024-12-05 19:41:38.349 [info] > git rev-parse --show-toplevel [1ms]
2024-12-05 19:41:38.349 [info] fatal: not a git repository (or any of the parent directories): .git
2024-12-05 19:53:17.289 [info] > git rev-parse --show-toplevel [5ms]
2024-12-05 19:53:17.289 [info] fatal: not a git repository (or any of the parent directories): .git
2024-12-05 20:01:42.070 [info] > git rev-parse --show-toplevel [0ms]
2024-12-05 20:01:42.070 [info] fatal: not a git repository (or any of the parent directories): .git
2024-12-05 20:03:50.028 [info] > git rev-parse --show-toplevel [5ms]
2024-12-05 20:03:50.028 [info] fatal: not a git repository (or any of the parent directories): .git
