2024-12-08 03:33:55.139 [info] [main] Log level: Info
2024-12-08 03:33:55.139 [info] [main] Validating found git in: "git"
2024-12-08 03:33:55.139 [info] [main] Using git "2.34.1" from "git"
2024-12-08 03:33:55.139 [info] [Model][doInitialScan] Initial repository scan started
2024-12-08 03:33:55.139 [info] > git rev-parse --show-toplevel [61ms]
2024-12-08 03:33:55.139 [info] fatal: not a git repository (or any of the parent directories): .git
2024-12-08 03:33:55.139 [info] > git rev-parse --show-toplevel [1ms]
2024-12-08 03:33:55.139 [info] fatal: not a git repository (or any of the parent directories): .git
2024-12-08 03:33:55.139 [info] > git rev-parse --show-toplevel [1ms]
2024-12-08 03:33:55.139 [info] fatal: not a git repository (or any of the parent directories): .git
2024-12-08 03:33:55.139 [info] > git rev-parse --show-toplevel [1ms]
2024-12-08 03:33:55.139 [info] fatal: not a git repository (or any of the parent directories): .git
2024-12-08 03:33:55.139 [info] > git rev-parse --show-toplevel [1ms]
2024-12-08 03:33:55.139 [info] fatal: not a git repository (or any of the parent directories): .git
2024-12-08 03:33:55.139 [info] > git rev-parse --show-toplevel [1ms]
2024-12-08 03:33:55.139 [info] fatal: not a git repository (or any of the parent directories): .git
2024-12-08 03:33:55.139 [info] > git rev-parse --show-toplevel [1ms]
2024-12-08 03:33:55.139 [info] fatal: not a git repository (or any of the parent directories): .git
2024-12-08 03:33:55.139 [info] > git rev-parse --show-toplevel [1ms]
2024-12-08 03:33:55.139 [info] fatal: not a git repository (or any of the parent directories): .git
2024-12-08 03:33:55.139 [info] > git rev-parse --show-toplevel [0ms]
2024-12-08 03:33:55.139 [info] fatal: not a git repository (or any of the parent directories): .git
2024-12-08 03:33:55.139 [info] > git rev-parse --show-toplevel [1ms]
2024-12-08 03:33:55.139 [info] fatal: not a git repository (or any of the parent directories): .git
2024-12-08 03:33:55.139 [info] > git rev-parse --show-toplevel [1ms]
2024-12-08 03:33:55.139 [info] fatal: not a git repository (or any of the parent directories): .git
2024-12-08 03:33:55.139 [info] > git rev-parse --show-toplevel [1ms]
2024-12-08 03:33:55.139 [info] fatal: not a git repository (or any of the parent directories): .git
2024-12-08 03:33:55.139 [info] > git rev-parse --show-toplevel [1ms]
2024-12-08 03:33:55.139 [info] fatal: not a git repository (or any of the parent directories): .git
2024-12-08 03:33:55.139 [info] [Model][doInitialScan] Initial repository scan completed - repositories (0), closed repositories (0), parent repositories (0), unsafe repositories (0)
2024-12-08 03:44:47.030 [info] > git rev-parse --show-toplevel [4ms]
2024-12-08 03:44:47.030 [info] fatal: not a git repository (or any of the parent directories): .git
2024-12-08 03:45:44.487 [info] > git rev-parse --show-toplevel [1ms]
2024-12-08 03:45:44.487 [info] fatal: not a git repository (or any of the parent directories): .git
2024-12-08 04:03:08.411 [info] > git rev-parse --show-toplevel [2ms]
2024-12-08 04:03:08.411 [info] fatal: not a git repository (or any of the parent directories): .git
2024-12-08 04:44:00.260 [info] > git rev-parse --show-toplevel [2ms]
2024-12-08 04:44:00.260 [info] fatal: not a git repository (or any of the parent directories): .git
2024-12-08 04:53:17.114 [info] > git rev-parse --show-toplevel [1ms]
2024-12-08 04:53:17.114 [info] fatal: not a git repository (or any of the parent directories): .git
2024-12-08 05:42:41.669 [info] > git rev-parse --show-toplevel [1ms]
2024-12-08 05:42:41.669 [info] fatal: not a git repository (or any of the parent directories): .git
2024-12-08 05:43:10.241 [info] > git rev-parse --show-toplevel [1ms]
2024-12-08 05:43:10.241 [info] fatal: not a git repository (or any of the parent directories): .git
2024-12-08 05:44:02.653 [info] > git rev-parse --show-toplevel [1ms]
2024-12-08 05:44:02.653 [info] fatal: not a git repository (or any of the parent directories): .git
2024-12-08 05:44:05.421 [info] > git rev-parse --show-toplevel [2ms]
2024-12-08 05:44:05.421 [info] fatal: not a git repository (or any of the parent directories): .git
2024-12-08 05:44:06.163 [info] > git rev-parse --show-toplevel [2ms]
2024-12-08 05:44:06.163 [info] fatal: not a git repository (or any of the parent directories): .git
2024-12-08 05:44:07.125 [info] > git rev-parse --show-toplevel [1ms]
2024-12-08 05:44:07.125 [info] fatal: not a git repository (or any of the parent directories): .git
2024-12-08 05:44:22.698 [info] > git rev-parse --show-toplevel [1ms]
2024-12-08 05:44:22.698 [info] fatal: not a git repository (or any of the parent directories): .git
2024-12-08 05:44:25.216 [info] > git rev-parse --show-toplevel [2ms]
2024-12-08 05:44:25.216 [info] fatal: not a git repository (or any of the parent directories): .git
2024-12-08 05:48:08.113 [info] > git rev-parse --show-toplevel [1ms]
2024-12-08 05:48:08.113 [info] fatal: not a git repository (or any of the parent directories): .git
2024-12-08 05:50:11.312 [info] > git rev-parse --show-toplevel [1ms]
2024-12-08 05:50:11.312 [info] fatal: not a git repository (or any of the parent directories): .git
2024-12-08 05:50:12.191 [info] > git rev-parse --show-toplevel [1ms]
2024-12-08 05:50:12.191 [info] fatal: not a git repository (or any of the parent directories): .git
2024-12-08 05:50:13.398 [info] > git rev-parse --show-toplevel [1ms]
2024-12-08 05:50:13.398 [info] fatal: not a git repository (or any of the parent directories): .git
2024-12-08 05:50:16.298 [info] > git rev-parse --show-toplevel [2ms]
2024-12-08 05:50:16.299 [info] fatal: not a git repository (or any of the parent directories): .git
2024-12-08 05:50:17.951 [info] > git rev-parse --show-toplevel [2ms]
2024-12-08 05:50:17.951 [info] fatal: not a git repository (or any of the parent directories): .git
2024-12-08 05:50:19.553 [info] > git rev-parse --show-toplevel [2ms]
2024-12-08 05:50:19.553 [info] fatal: not a git repository (or any of the parent directories): .git
2024-12-08 05:50:20.846 [info] > git rev-parse --show-toplevel [4ms]
2024-12-08 05:50:20.846 [info] fatal: not a git repository (or any of the parent directories): .git
2024-12-08 05:50:24.500 [info] > git rev-parse --show-toplevel [1ms]
2024-12-08 05:50:24.500 [info] fatal: not a git repository (or any of the parent directories): .git
2024-12-08 07:10:18.679 [info] > git rev-parse --show-toplevel [1ms]
2024-12-08 07:10:18.679 [info] fatal: not a git repository (or any of the parent directories): .git
2024-12-08 07:10:33.143 [info] > git rev-parse --show-toplevel [1ms]
2024-12-08 07:10:33.143 [info] fatal: not a git repository (or any of the parent directories): .git
2024-12-08 07:30:52.050 [info] > git rev-parse --show-toplevel [2ms]
2024-12-08 07:30:52.050 [info] fatal: not a git repository (or any of the parent directories): .git
2024-12-08 07:31:02.845 [info] > git rev-parse --show-toplevel [4ms]
2024-12-08 07:31:02.845 [info] fatal: not a git repository (or any of the parent directories): .git
2024-12-08 07:31:10.418 [info] > git rev-parse --show-toplevel [2ms]
2024-12-08 07:31:10.418 [info] fatal: not a git repository (or any of the parent directories): .git
2024-12-08 07:31:11.941 [info] > git rev-parse --show-toplevel [1ms]
2024-12-08 07:31:11.942 [info] fatal: not a git repository (or any of the parent directories): .git
2024-12-08 07:31:12.525 [info] > git rev-parse --show-toplevel [1ms]
2024-12-08 07:31:12.526 [info] fatal: not a git repository (or any of the parent directories): .git
2024-12-08 07:31:17.689 [info] > git rev-parse --show-toplevel [1ms]
2024-12-08 07:31:17.689 [info] fatal: not a git repository (or any of the parent directories): .git
2024-12-08 07:31:19.065 [info] > git rev-parse --show-toplevel [2ms]
2024-12-08 07:31:19.065 [info] fatal: not a git repository (or any of the parent directories): .git
2024-12-08 07:31:22.571 [info] > git rev-parse --show-toplevel [1ms]
2024-12-08 07:31:22.571 [info] fatal: not a git repository (or any of the parent directories): .git
