2024-12-08 08:48:56.512 [info] [main] Log level: Info
2024-12-08 08:48:56.512 [info] [main] Validating found git in: "git"
2024-12-08 08:48:56.512 [info] [main] Using git "2.34.1" from "git"
2024-12-08 08:48:56.512 [info] [Model][doInitialScan] Initial repository scan started
2024-12-08 08:48:56.512 [info] > git rev-parse --show-toplevel [16ms]
2024-12-08 08:48:56.512 [info] fatal: not a git repository (or any of the parent directories): .git
2024-12-08 08:48:56.512 [info] > git rev-parse --show-toplevel [1ms]
2024-12-08 08:48:56.512 [info] fatal: not a git repository (or any of the parent directories): .git
2024-12-08 08:48:56.512 [info] > git rev-parse --show-toplevel [1ms]
2024-12-08 08:48:56.512 [info] fatal: not a git repository (or any of the parent directories): .git
2024-12-08 08:48:56.512 [info] > git rev-parse --show-toplevel [0ms]
2024-12-08 08:48:56.512 [info] fatal: not a git repository (or any of the parent directories): .git
2024-12-08 08:48:56.512 [info] > git rev-parse --show-toplevel [1ms]
2024-12-08 08:48:56.512 [info] fatal: not a git repository (or any of the parent directories): .git
2024-12-08 08:48:56.512 [info] > git rev-parse --show-toplevel [0ms]
2024-12-08 08:48:56.512 [info] fatal: not a git repository (or any of the parent directories): .git
2024-12-08 08:48:56.512 [info] > git rev-parse --show-toplevel [1ms]
2024-12-08 08:48:56.512 [info] fatal: not a git repository (or any of the parent directories): .git
2024-12-08 08:48:56.512 [info] > git rev-parse --show-toplevel [1ms]
2024-12-08 08:48:56.512 [info] fatal: not a git repository (or any of the parent directories): .git
2024-12-08 08:48:56.512 [info] > git rev-parse --show-toplevel [2ms]
2024-12-08 08:48:56.512 [info] fatal: not a git repository (or any of the parent directories): .git
2024-12-08 08:48:56.512 [info] > git rev-parse --show-toplevel [2ms]
2024-12-08 08:48:56.512 [info] fatal: not a git repository (or any of the parent directories): .git
2024-12-08 08:48:56.515 [info] > git rev-parse --show-toplevel [1ms]
2024-12-08 08:48:56.515 [info] fatal: not a git repository (or any of the parent directories): .git
2024-12-08 08:48:56.518 [info] > git rev-parse --show-toplevel [1ms]
2024-12-08 08:48:56.518 [info] fatal: not a git repository (or any of the parent directories): .git
2024-12-08 08:48:56.528 [info] > git rev-parse --show-toplevel [7ms]
2024-12-08 08:48:56.528 [info] fatal: not a git repository (or any of the parent directories): .git
2024-12-08 08:48:56.532 [info] [Model][doInitialScan] Initial repository scan completed - repositories (0), closed repositories (0), parent repositories (0), unsafe repositories (0)
2024-12-08 08:49:02.114 [info] > git rev-parse --show-toplevel [1ms]
2024-12-08 08:49:02.114 [info] fatal: not a git repository (or any of the parent directories): .git
2024-12-08 09:32:11.465 [info] > git rev-parse --show-toplevel [1ms]
2024-12-08 09:32:11.465 [info] fatal: not a git repository (or any of the parent directories): .git
2024-12-08 09:34:11.700 [info] > git rev-parse --show-toplevel [1ms]
2024-12-08 09:34:11.700 [info] fatal: not a git repository (or any of the parent directories): .git
2024-12-08 10:19:40.022 [info] > git rev-parse --show-toplevel [4ms]
2024-12-08 10:19:40.022 [info] fatal: not a git repository (or any of the parent directories): .git
2024-12-08 10:23:49.930 [info] > git rev-parse --show-toplevel [1ms]
2024-12-08 10:23:49.930 [info] fatal: not a git repository (or any of the parent directories): .git
2024-12-08 10:24:58.681 [info] > git rev-parse --show-toplevel [1ms]
2024-12-08 10:24:58.681 [info] fatal: not a git repository (or any of the parent directories): .git
2024-12-08 10:25:22.138 [info] > git rev-parse --show-toplevel [1ms]
2024-12-08 10:25:22.138 [info] fatal: not a git repository (or any of the parent directories): .git
