2024-12-05 10:08:19.552 [info] Extension host with pid 2073 started
2024-12-05 10:08:19.552 [error] Error: EEXIST: file already exists, open '/home/ubuntu/.vscode-server/data/User/workspaceStorage/b44e3ff2cc5072e8542331484ead4db2/vscode.lock'
2024-12-05 10:08:19.562 [info] Lock '/home/ubuntu/.vscode-server/data/User/workspaceStorage/b44e3ff2cc5072e8542331484ead4db2/vscode.lock': Could not acquire lock, checking if the file is stale.
2024-12-05 10:08:19.620 [info] Lock '/home/ubuntu/.vscode-server/data/User/workspaceStorage/b44e3ff2cc5072e8542331484ead4db2/vscode.lock': The pid 2032 appears to be gone.
2024-12-05 10:08:19.620 [info] Lock '/home/ubuntu/.vscode-server/data/User/workspaceStorage/b44e3ff2cc5072e8542331484ead4db2/vscode.lock': Deleting a stale lock.
2024-12-05 10:08:19.638 [info] Lock '/home/ubuntu/.vscode-server/data/User/workspaceStorage/b44e3ff2cc5072e8542331484ead4db2/vscode.lock': Lock acquired.
2024-12-05 10:08:19.762 [info] ExtensionService#_doActivateExtension vscode.tunnel-forwarding, startup: false, activationEvent: 'onTunnel'
2024-12-05 10:08:19.763 [info] ExtensionService#_doActivateExtension vscode.emmet, startup: false, activationEvent: 'onLanguage'
2024-12-05 10:08:19.763 [info] ExtensionService#_doActivateExtension vscode.php-language-features, startup: false, activationEvent: 'onLanguage:php'
2024-12-05 10:08:19.763 [info] ExtensionService#_doActivateExtension vscode.git-base, startup: false, activationEvent: '*', root cause: vscode.git
2024-12-05 10:08:19.971 [info] ExtensionService#_doActivateExtension vscode.git, startup: false, activationEvent: '*'
2024-12-05 10:08:19.971 [info] ExtensionService#_doActivateExtension vscode.github, startup: false, activationEvent: '*'
2024-12-05 10:08:20.468 [info] ExtensionService#_doActivateExtension vscode.npm, startup: true, activationEvent: 'workspaceContains:package.json'
2024-12-05 10:08:20.614 [info] Eager extensions activated
2024-12-05 10:08:20.615 [info] ExtensionService#_doActivateExtension vscode.debug-auto-launch, startup: false, activationEvent: 'onStartupFinished'
2024-12-05 10:08:20.615 [info] ExtensionService#_doActivateExtension vscode.merge-conflict, startup: false, activationEvent: 'onStartupFinished'
2024-12-05 10:08:26.207 [info] ExtensionService#_doActivateExtension vscode.configuration-editing, startup: false, activationEvent: 'onLanguage:json'
2024-12-05 10:08:26.207 [info] ExtensionService#_doActivateExtension vscode.extension-editing, startup: false, activationEvent: 'onLanguage:json'
2024-12-05 10:08:26.207 [info] ExtensionService#_doActivateExtension vscode.json-language-features, startup: false, activationEvent: 'onLanguage:json'
2024-12-05 14:03:20.551 [info] Extension host terminating: received terminate message from renderer
2024-12-05 14:03:20.552 [info] Lock '/home/ubuntu/.vscode-server/data/User/workspaceStorage/b44e3ff2cc5072e8542331484ead4db2/vscode.lock': Marking the lockfile as scheduled to be released in 6000 ms.
2024-12-05 14:03:20.581 [info] Extension host with pid 2073 exiting with code 0
