2024-12-07 12:08:30.862 [info] Extension host with pid 2006 started
2024-12-07 12:08:30.862 [error] Error: EEXIST: file already exists, open '/home/ubuntu/.vscode-server/data/User/workspaceStorage/b44e3ff2cc5072e8542331484ead4db2/vscode.lock'
2024-12-07 12:08:30.868 [info] Lock '/home/ubuntu/.vscode-server/data/User/workspaceStorage/b44e3ff2cc5072e8542331484ead4db2/vscode.lock': Could not acquire lock, checking if the file is stale.
2024-12-07 12:08:30.907 [info] Lock '/home/ubuntu/.vscode-server/data/User/workspaceStorage/b44e3ff2cc5072e8542331484ead4db2/vscode.lock': The pid 2210 appears to be gone.
2024-12-07 12:08:30.907 [info] Lock '/home/ubuntu/.vscode-server/data/User/workspaceStorage/b44e3ff2cc5072e8542331484ead4db2/vscode.lock': Deleting a stale lock.
2024-12-07 12:08:30.914 [info] Lock '/home/ubuntu/.vscode-server/data/User/workspaceStorage/b44e3ff2cc5072e8542331484ead4db2/vscode.lock': Lock acquired.
2024-12-07 12:08:31.083 [info] ExtensionService#_doActivateExtension vscode.tunnel-forwarding, startup: false, activationEvent: 'onTunnel'
2024-12-07 12:08:31.085 [info] ExtensionService#_doActivateExtension vscode.emmet, startup: false, activationEvent: 'onLanguage'
2024-12-07 12:08:31.086 [info] ExtensionService#_doActivateExtension vscode.php-language-features, startup: false, activationEvent: 'onLanguage:php'
2024-12-07 12:08:31.086 [info] ExtensionService#_doActivateExtension vscode.git-base, startup: false, activationEvent: '*', root cause: vscode.git
2024-12-07 12:08:31.262 [info] ExtensionService#_doActivateExtension vscode.git, startup: false, activationEvent: '*'
2024-12-07 12:08:31.262 [info] ExtensionService#_doActivateExtension vscode.github, startup: false, activationEvent: '*'
2024-12-07 12:08:31.753 [info] ExtensionService#_doActivateExtension vscode.npm, startup: true, activationEvent: 'workspaceContains:package.json'
2024-12-07 12:08:31.931 [info] Eager extensions activated
2024-12-07 12:08:31.931 [info] ExtensionService#_doActivateExtension vscode.debug-auto-launch, startup: false, activationEvent: 'onStartupFinished'
2024-12-07 12:08:31.932 [info] ExtensionService#_doActivateExtension vscode.merge-conflict, startup: false, activationEvent: 'onStartupFinished'
2024-12-07 12:08:37.597 [info] ExtensionService#_doActivateExtension vscode.configuration-editing, startup: false, activationEvent: 'onLanguage:json'
2024-12-07 12:08:37.597 [info] ExtensionService#_doActivateExtension vscode.extension-editing, startup: false, activationEvent: 'onLanguage:json'
2024-12-07 12:08:37.598 [info] ExtensionService#_doActivateExtension vscode.json-language-features, startup: false, activationEvent: 'onLanguage:json'
2024-12-07 15:01:55.296 [info] ExtensionService#_doActivateExtension vscode.css-language-features, startup: false, activationEvent: 'onLanguage:css'
2024-12-07 15:02:09.240 [info] ExtensionService#_doActivateExtension vscode.typescript-language-features, startup: false, activationEvent: 'onLanguage:javascript'
