0 verbose cli /home/ubuntu/.nvm/versions/node/v23.2.0/bin/node /home/ubuntu/.nvm/versions/node/v23.2.0/bin/npm
1 info using npm@10.9.0
2 info using node@v23.2.0
3 silly config load:file:/home/ubuntu/.nvm/versions/node/v23.2.0/lib/node_modules/npm/npmrc
4 silly config load:file:/var/www/sunnydays/.npmrc
5 silly config load:file:/home/ubuntu/.npmrc
6 silly config load:file:/home/ubuntu/.nvm/versions/node/v23.2.0/etc/npmrc
7 verbose title npm install
8 verbose argv "install"
9 verbose logfile logs-max:10 dir:/home/ubuntu/.npm/_logs/2024-12-05T19_59_43_503Z-
10 verbose logfile /home/ubuntu/.npm/_logs/2024-12-05T19_59_43_503Z-debug-0.log
11 silly logfile start cleaning logs, removing 1 files
12 silly packumentCache heap:2101608448 maxSize:525402112 maxEntrySize:262701056
13 silly logfile done cleaning log files
14 silly idealTree buildDeps
15 silly reify moves {}
16 silly audit bulk request {
16 silly audit   '@alloc/quick-lru': [ '5.2.0' ],
16 silly audit   '@esbuild/aix-ppc64': [ '0.21.5' ],
16 silly audit   '@esbuild/android-arm': [ '0.21.5' ],
16 silly audit   '@esbuild/android-arm64': [ '0.21.5' ],
16 silly audit   '@esbuild/android-x64': [ '0.21.5' ],
16 silly audit   '@esbuild/darwin-arm64': [ '0.21.5' ],
16 silly audit   '@esbuild/darwin-x64': [ '0.21.5' ],
16 silly audit   '@esbuild/freebsd-arm64': [ '0.21.5' ],
16 silly audit   '@esbuild/freebsd-x64': [ '0.21.5' ],
16 silly audit   '@esbuild/linux-arm': [ '0.21.5' ],
16 silly audit   '@esbuild/linux-arm64': [ '0.21.5' ],
16 silly audit   '@esbuild/linux-ia32': [ '0.21.5' ],
16 silly audit   '@esbuild/linux-loong64': [ '0.21.5' ],
16 silly audit   '@esbuild/linux-mips64el': [ '0.21.5' ],
16 silly audit   '@esbuild/linux-ppc64': [ '0.21.5' ],
16 silly audit   '@esbuild/linux-riscv64': [ '0.21.5' ],
16 silly audit   '@esbuild/linux-s390x': [ '0.21.5' ],
16 silly audit   '@esbuild/linux-x64': [ '0.21.5' ],
16 silly audit   '@esbuild/netbsd-x64': [ '0.21.5' ],
16 silly audit   '@esbuild/openbsd-x64': [ '0.21.5' ],
16 silly audit   '@esbuild/sunos-x64': [ '0.21.5' ],
16 silly audit   '@esbuild/win32-arm64': [ '0.21.5' ],
16 silly audit   '@esbuild/win32-ia32': [ '0.21.5' ],
16 silly audit   '@esbuild/win32-x64': [ '0.21.5' ],
16 silly audit   '@isaacs/cliui': [ '8.0.2' ],
16 silly audit   '@jridgewell/gen-mapping': [ '0.3.5' ],
16 silly audit   '@jridgewell/resolve-uri': [ '3.1.2' ],
16 silly audit   '@jridgewell/set-array': [ '1.2.1' ],
16 silly audit   '@jridgewell/sourcemap-codec': [ '1.5.0' ],
16 silly audit   '@jridgewell/trace-mapping': [ '0.3.25' ],
16 silly audit   '@nodelib/fs.scandir': [ '2.1.5' ],
16 silly audit   '@nodelib/fs.stat': [ '2.0.5' ],
16 silly audit   '@nodelib/fs.walk': [ '1.2.8' ],
16 silly audit   '@pkgjs/parseargs': [ '0.11.0' ],
16 silly audit   '@rollup/rollup-android-arm-eabi': [ '4.27.3' ],
16 silly audit   '@rollup/rollup-android-arm64': [ '4.27.3' ],
16 silly audit   '@rollup/rollup-darwin-arm64': [ '4.27.3' ],
16 silly audit   '@rollup/rollup-darwin-x64': [ '4.27.3' ],
16 silly audit   '@rollup/rollup-freebsd-arm64': [ '4.27.3' ],
16 silly audit   '@rollup/rollup-freebsd-x64': [ '4.27.3' ],
16 silly audit   '@rollup/rollup-linux-arm-gnueabihf': [ '4.27.3' ],
16 silly audit   '@rollup/rollup-linux-arm-musleabihf': [ '4.27.3' ],
16 silly audit   '@rollup/rollup-linux-arm64-gnu': [ '4.27.3' ],
16 silly audit   '@rollup/rollup-linux-arm64-musl': [ '4.27.3' ],
16 silly audit   '@rollup/rollup-linux-powerpc64le-gnu': [ '4.27.3' ],
16 silly audit   '@rollup/rollup-linux-riscv64-gnu': [ '4.27.3' ],
16 silly audit   '@rollup/rollup-linux-s390x-gnu': [ '4.27.3' ],
16 silly audit   '@rollup/rollup-linux-x64-gnu': [ '4.27.3' ],
16 silly audit   '@rollup/rollup-linux-x64-musl': [ '4.27.3' ],
16 silly audit   '@rollup/rollup-win32-arm64-msvc': [ '4.27.3' ],
16 silly audit   '@rollup/rollup-win32-ia32-msvc': [ '4.27.3' ],
16 silly audit   '@rollup/rollup-win32-x64-msvc': [ '4.27.3' ],
16 silly audit   '@tailwindcss/forms': [ '0.5.9' ],
16 silly audit   '@types/estree': [ '1.0.6' ],
16 silly audit   '@vue/reactivity': [ '3.1.5' ],
16 silly audit   '@vue/shared': [ '3.1.5' ],
16 silly audit   alpinejs: [ '3.14.3' ],
16 silly audit   'ansi-regex': [ '6.1.0', '5.0.1' ],
16 silly audit   'ansi-styles': [ '6.2.1', '4.3.0' ],
16 silly audit   'any-promise': [ '1.3.0' ],
16 silly audit   anymatch: [ '3.1.3' ],
16 silly audit   arg: [ '5.0.2' ],
16 silly audit   asynckit: [ '0.4.0' ],
16 silly audit   autoprefixer: [ '10.4.20' ],
16 silly audit   axios: [ '1.7.7' ],
16 silly audit   'balanced-match': [ '1.0.2' ],
16 silly audit   'binary-extensions': [ '2.3.0' ],
16 silly audit   'brace-expansion': [ '2.0.1' ],
16 silly audit   braces: [ '3.0.3' ],
16 silly audit   browserslist: [ '4.24.2' ],
16 silly audit   'camelcase-css': [ '2.0.1' ],
16 silly audit   'caniuse-lite': [ '1.0.30001680' ],
16 silly audit   chokidar: [ '3.6.0' ],
16 silly audit   'glob-parent': [ '5.1.2', '6.0.2' ],
16 silly audit   'color-convert': [ '2.0.1' ],
16 silly audit   'color-name': [ '1.1.4' ],
16 silly audit   'combined-stream': [ '1.0.8' ],
16 silly audit   commander: [ '4.1.1' ],
16 silly audit   'cross-spawn': [ '7.0.6' ],
16 silly audit   cssesc: [ '3.0.0' ],
16 silly audit   'delayed-stream': [ '1.0.0' ],
16 silly audit   didyoumean: [ '1.2.2' ],
16 silly audit   dlv: [ '1.1.3' ],
16 silly audit   eastasianwidth: [ '0.2.0' ],
16 silly audit   'electron-to-chromium': [ '1.5.63' ],
16 silly audit   'emoji-regex': [ '9.2.2', '8.0.0' ],
16 silly audit   esbuild: [ '0.21.5' ],
16 silly audit   escalade: [ '3.2.0' ],
16 silly audit   'fast-glob': [ '3.3.2' ],
16 silly audit   fastq: [ '1.17.1' ],
16 silly audit   'fill-range': [ '7.1.1' ],
16 silly audit   'follow-redirects': [ '1.15.9' ],
16 silly audit   'foreground-child': [ '3.3.0' ],
16 silly audit   'form-data': [ '4.0.1' ],
16 silly audit   'fraction.js': [ '4.3.7' ],
16 silly audit   fsevents: [ '2.3.3' ],
16 silly audit   'function-bind': [ '1.1.2' ],
16 silly audit   glob: [ '10.4.5' ],
16 silly audit   hasown: [ '2.0.2' ],
16 silly audit   'is-binary-path': [ '2.1.0' ],
16 silly audit   'is-core-module': [ '2.15.1' ],
16 silly audit   'is-extglob': [ '2.1.1' ],
16 silly audit   'is-fullwidth-code-point': [ '3.0.0' ],
16 silly audit   'is-glob': [ '4.0.3' ],
16 silly audit   'is-number': [ '7.0.0' ],
16 silly audit   isexe: [ '2.0.0' ],
16 silly audit   jackspeak: [ '3.4.3' ],
16 silly audit   jiti: [ '1.21.6' ],
16 silly audit   'laravel-vite-plugin': [ '1.0.6' ],
16 silly audit   lilconfig: [ '2.1.0', '3.1.2' ],
16 silly audit   'lines-and-columns': [ '1.2.4' ],
16 silly audit   'lru-cache': [ '10.4.3' ],
16 silly audit   merge2: [ '1.4.1' ],
16 silly audit   micromatch: [ '4.0.8' ],
16 silly audit   'mime-db': [ '1.52.0' ],
16 silly audit   'mime-types': [ '2.1.35' ],
16 silly audit   'mini-svg-data-uri': [ '1.4.4' ],
16 silly audit   minimatch: [ '9.0.5' ],
16 silly audit   minipass: [ '7.1.2' ],
16 silly audit   mz: [ '2.7.0' ],
16 silly audit   nanoid: [ '3.3.7' ],
16 silly audit   'node-releases': [ '2.0.18' ],
16 silly audit   'normalize-path': [ '3.0.0' ],
16 silly audit   'normalize-range': [ '0.1.2' ],
16 silly audit   'object-assign': [ '4.1.1' ],
16 silly audit   'object-hash': [ '3.0.0' ],
16 silly audit   'package-json-from-dist': [ '1.0.1' ],
16 silly audit   'path-key': [ '3.1.1' ],
16 silly audit   'path-parse': [ '1.0.7' ],
16 silly audit   'path-scurry': [ '1.11.1' ],
16 silly audit   picocolors: [ '1.1.1' ],
16 silly audit   picomatch: [ '2.3.1' ],
16 silly audit   pify: [ '2.3.0' ],
16 silly audit   pirates: [ '4.0.6' ],
16 silly audit   postcss: [ '8.4.49' ],
16 silly audit   'postcss-import': [ '15.1.0' ],
16 silly audit   'postcss-js': [ '4.0.1' ],
16 silly audit   'postcss-load-config': [ '4.0.2' ],
16 silly audit   'postcss-nested': [ '6.2.0' ],
16 silly audit   'postcss-selector-parser': [ '6.1.2' ],
16 silly audit   'postcss-value-parser': [ '4.2.0' ],
16 silly audit   'proxy-from-env': [ '1.1.0' ],
16 silly audit   'queue-microtask': [ '1.2.3' ],
16 silly audit   'read-cache': [ '1.0.0' ],
16 silly audit   readdirp: [ '3.6.0' ],
16 silly audit   resolve: [ '1.22.8' ],
16 silly audit   reusify: [ '1.0.4' ],
16 silly audit   rollup: [ '4.27.3' ],
16 silly audit   'run-parallel': [ '1.2.0' ],
16 silly audit   'shebang-command': [ '2.0.0' ],
16 silly audit   'shebang-regex': [ '3.0.0' ],
16 silly audit   'signal-exit': [ '4.1.0' ],
16 silly audit   'source-map-js': [ '1.2.1' ],
16 silly audit   'string-width': [ '5.1.2', '4.2.3' ],
16 silly audit   'strip-ansi': [ '6.0.1', '7.1.0' ],
16 silly audit   sucrase: [ '3.35.0' ],
16 silly audit   'supports-preserve-symlinks-flag': [ '1.0.0' ],
16 silly audit   tailwindcss: [ '3.4.15' ],
16 silly audit   thenify: [ '3.3.1' ],
16 silly audit   'thenify-all': [ '1.6.0' ],
16 silly audit   'to-regex-range': [ '5.0.1' ],
16 silly audit   'ts-interface-checker': [ '0.1.13' ],
16 silly audit   'update-browserslist-db': [ '1.1.1' ],
16 silly audit   'util-deprecate': [ '1.0.2' ],
16 silly audit   vite: [ '5.4.11' ],
16 silly audit   'vite-plugin-full-reload': [ '1.2.0' ],
16 silly audit   which: [ '2.0.2' ],
16 silly audit   'wrap-ansi': [ '8.1.0', '7.0.0' ],
16 silly audit   yaml: [ '2.6.0' ]
16 silly audit }
17 verbose reify failed optional dependency /var/www/sunnydays/node_modules/fsevents
18 silly reify mark deleted [ '/var/www/sunnydays/node_modules/fsevents' ]
19 verbose reify failed optional dependency /var/www/sunnydays/node_modules/@rollup/rollup-win32-x64-msvc
20 silly reify mark deleted [ '/var/www/sunnydays/node_modules/@rollup/rollup-win32-x64-msvc' ]
21 verbose reify failed optional dependency /var/www/sunnydays/node_modules/@rollup/rollup-win32-ia32-msvc
22 silly reify mark deleted [ '/var/www/sunnydays/node_modules/@rollup/rollup-win32-ia32-msvc' ]
23 verbose reify failed optional dependency /var/www/sunnydays/node_modules/@rollup/rollup-win32-arm64-msvc
24 silly reify mark deleted [ '/var/www/sunnydays/node_modules/@rollup/rollup-win32-arm64-msvc' ]
25 verbose reify failed optional dependency /var/www/sunnydays/node_modules/@rollup/rollup-linux-s390x-gnu
26 silly reify mark deleted [ '/var/www/sunnydays/node_modules/@rollup/rollup-linux-s390x-gnu' ]
27 verbose reify failed optional dependency /var/www/sunnydays/node_modules/@rollup/rollup-linux-riscv64-gnu
28 silly reify mark deleted [ '/var/www/sunnydays/node_modules/@rollup/rollup-linux-riscv64-gnu' ]
29 verbose reify failed optional dependency /var/www/sunnydays/node_modules/@rollup/rollup-linux-powerpc64le-gnu
30 silly reify mark deleted [
30 silly reify   '/var/www/sunnydays/node_modules/@rollup/rollup-linux-powerpc64le-gnu'
30 silly reify ]
31 verbose reify failed optional dependency /var/www/sunnydays/node_modules/@rollup/rollup-linux-arm64-musl
32 silly reify mark deleted [ '/var/www/sunnydays/node_modules/@rollup/rollup-linux-arm64-musl' ]
33 verbose reify failed optional dependency /var/www/sunnydays/node_modules/@rollup/rollup-linux-arm64-gnu
34 silly reify mark deleted [ '/var/www/sunnydays/node_modules/@rollup/rollup-linux-arm64-gnu' ]
35 verbose reify failed optional dependency /var/www/sunnydays/node_modules/@rollup/rollup-linux-arm-musleabihf
36 silly reify mark deleted [
36 silly reify   '/var/www/sunnydays/node_modules/@rollup/rollup-linux-arm-musleabihf'
36 silly reify ]
37 verbose reify failed optional dependency /var/www/sunnydays/node_modules/@rollup/rollup-linux-arm-gnueabihf
38 silly reify mark deleted [
38 silly reify   '/var/www/sunnydays/node_modules/@rollup/rollup-linux-arm-gnueabihf'
38 silly reify ]
39 verbose reify failed optional dependency /var/www/sunnydays/node_modules/@rollup/rollup-freebsd-x64
40 silly reify mark deleted [ '/var/www/sunnydays/node_modules/@rollup/rollup-freebsd-x64' ]
41 verbose reify failed optional dependency /var/www/sunnydays/node_modules/@rollup/rollup-freebsd-arm64
42 silly reify mark deleted [ '/var/www/sunnydays/node_modules/@rollup/rollup-freebsd-arm64' ]
43 verbose reify failed optional dependency /var/www/sunnydays/node_modules/@rollup/rollup-darwin-x64
44 silly reify mark deleted [ '/var/www/sunnydays/node_modules/@rollup/rollup-darwin-x64' ]
45 verbose reify failed optional dependency /var/www/sunnydays/node_modules/@rollup/rollup-darwin-arm64
46 silly reify mark deleted [ '/var/www/sunnydays/node_modules/@rollup/rollup-darwin-arm64' ]
47 verbose reify failed optional dependency /var/www/sunnydays/node_modules/@rollup/rollup-android-arm64
48 silly reify mark deleted [ '/var/www/sunnydays/node_modules/@rollup/rollup-android-arm64' ]
49 verbose reify failed optional dependency /var/www/sunnydays/node_modules/@rollup/rollup-android-arm-eabi
50 silly reify mark deleted [ '/var/www/sunnydays/node_modules/@rollup/rollup-android-arm-eabi' ]
51 verbose reify failed optional dependency /var/www/sunnydays/node_modules/@esbuild/win32-x64
52 silly reify mark deleted [ '/var/www/sunnydays/node_modules/@esbuild/win32-x64' ]
53 verbose reify failed optional dependency /var/www/sunnydays/node_modules/@esbuild/win32-ia32
54 silly reify mark deleted [ '/var/www/sunnydays/node_modules/@esbuild/win32-ia32' ]
55 verbose reify failed optional dependency /var/www/sunnydays/node_modules/@esbuild/win32-arm64
56 silly reify mark deleted [ '/var/www/sunnydays/node_modules/@esbuild/win32-arm64' ]
57 verbose reify failed optional dependency /var/www/sunnydays/node_modules/@esbuild/sunos-x64
58 silly reify mark deleted [ '/var/www/sunnydays/node_modules/@esbuild/sunos-x64' ]
59 verbose reify failed optional dependency /var/www/sunnydays/node_modules/@esbuild/openbsd-x64
60 silly reify mark deleted [ '/var/www/sunnydays/node_modules/@esbuild/openbsd-x64' ]
61 verbose reify failed optional dependency /var/www/sunnydays/node_modules/@esbuild/netbsd-x64
62 silly reify mark deleted [ '/var/www/sunnydays/node_modules/@esbuild/netbsd-x64' ]
63 verbose reify failed optional dependency /var/www/sunnydays/node_modules/@esbuild/linux-s390x
64 silly reify mark deleted [ '/var/www/sunnydays/node_modules/@esbuild/linux-s390x' ]
65 verbose reify failed optional dependency /var/www/sunnydays/node_modules/@esbuild/linux-riscv64
66 silly reify mark deleted [ '/var/www/sunnydays/node_modules/@esbuild/linux-riscv64' ]
67 verbose reify failed optional dependency /var/www/sunnydays/node_modules/@esbuild/linux-ppc64
68 silly reify mark deleted [ '/var/www/sunnydays/node_modules/@esbuild/linux-ppc64' ]
69 verbose reify failed optional dependency /var/www/sunnydays/node_modules/@esbuild/linux-mips64el
70 silly reify mark deleted [ '/var/www/sunnydays/node_modules/@esbuild/linux-mips64el' ]
71 verbose reify failed optional dependency /var/www/sunnydays/node_modules/@esbuild/linux-loong64
72 silly reify mark deleted [ '/var/www/sunnydays/node_modules/@esbuild/linux-loong64' ]
73 verbose reify failed optional dependency /var/www/sunnydays/node_modules/@esbuild/linux-ia32
74 silly reify mark deleted [ '/var/www/sunnydays/node_modules/@esbuild/linux-ia32' ]
75 verbose reify failed optional dependency /var/www/sunnydays/node_modules/@esbuild/linux-arm64
76 silly reify mark deleted [ '/var/www/sunnydays/node_modules/@esbuild/linux-arm64' ]
77 verbose reify failed optional dependency /var/www/sunnydays/node_modules/@esbuild/linux-arm
78 silly reify mark deleted [ '/var/www/sunnydays/node_modules/@esbuild/linux-arm' ]
79 verbose reify failed optional dependency /var/www/sunnydays/node_modules/@esbuild/freebsd-x64
80 silly reify mark deleted [ '/var/www/sunnydays/node_modules/@esbuild/freebsd-x64' ]
81 verbose reify failed optional dependency /var/www/sunnydays/node_modules/@esbuild/freebsd-arm64
82 silly reify mark deleted [ '/var/www/sunnydays/node_modules/@esbuild/freebsd-arm64' ]
83 verbose reify failed optional dependency /var/www/sunnydays/node_modules/@esbuild/darwin-x64
84 silly reify mark deleted [ '/var/www/sunnydays/node_modules/@esbuild/darwin-x64' ]
85 verbose reify failed optional dependency /var/www/sunnydays/node_modules/@esbuild/darwin-arm64
86 silly reify mark deleted [ '/var/www/sunnydays/node_modules/@esbuild/darwin-arm64' ]
87 verbose reify failed optional dependency /var/www/sunnydays/node_modules/@esbuild/android-x64
88 silly reify mark deleted [ '/var/www/sunnydays/node_modules/@esbuild/android-x64' ]
89 verbose reify failed optional dependency /var/www/sunnydays/node_modules/@esbuild/android-arm64
90 silly reify mark deleted [ '/var/www/sunnydays/node_modules/@esbuild/android-arm64' ]
91 verbose reify failed optional dependency /var/www/sunnydays/node_modules/@esbuild/android-arm
92 silly reify mark deleted [ '/var/www/sunnydays/node_modules/@esbuild/android-arm' ]
93 verbose reify failed optional dependency /var/www/sunnydays/node_modules/@esbuild/aix-ppc64
94 silly reify mark deleted [ '/var/www/sunnydays/node_modules/@esbuild/aix-ppc64' ]
95 http fetch POST 200 https://registry.npmjs.org/-/npm/v1/security/advisories/bulk 400ms
96 silly audit report {}
97 silly ADD
98 silly ADD
99 silly ADD
100 silly ADD
101 silly ADD
102 silly ADD
103 silly ADD
104 silly ADD
105 silly ADD
106 silly ADD
107 silly ADD
108 silly ADD
109 silly ADD
110 silly ADD
111 silly ADD
112 silly ADD
113 silly ADD
114 silly ADD
115 silly ADD
116 silly ADD
117 silly ADD
118 silly ADD
119 silly ADD
120 silly ADD
121 silly ADD
122 silly ADD
123 silly ADD
124 silly ADD
125 silly ADD
126 silly ADD
127 silly ADD
128 silly ADD
129 silly ADD
130 silly ADD
131 silly ADD
132 silly ADD
133 silly ADD
134 silly ADD
135 silly ADD
136 verbose cwd /var/www/sunnydays
137 verbose os Linux 6.8.0-1019-aws
138 verbose node v23.2.0
139 verbose npm  v10.9.0
140 verbose exit 0
141 info ok
