0 verbose cli /home/ubuntu/.nvm/versions/node/v23.2.0/bin/node /home/ubuntu/.nvm/versions/node/v23.2.0/bin/npm
1 info using npm@10.9.0
2 info using node@v23.2.0
3 silly config load:file:/home/ubuntu/.nvm/versions/node/v23.2.0/lib/node_modules/npm/npmrc
4 silly config load:file:/home/ubuntu/.cache/typescript/5.6/.npmrc
5 silly config load:file:/home/ubuntu/.npmrc
6 silly config load:file:/home/ubuntu/.nvm/versions/node/v23.2.0/etc/npmrc
7 verbose title npm install @types/node@ts5.6
8 verbose argv "install" "--ignore-scripts" "@types/node@ts5.6" "--save-dev" "--user-agent" "typesInstaller/5.6.3"
9 verbose logfile logs-max:10 dir:/home/ubuntu/.npm/_logs/2024-12-03T11_28_18_770Z-
10 verbose logfile /home/ubuntu/.npm/_logs/2024-12-03T11_28_18_770Z-debug-0.log
11 silly logfile start cleaning logs, removing 1 files
12 silly logfile done cleaning log files
13 silly packumentCache heap:2101608448 maxSize:525402112 maxEntrySize:262701056
14 silly packumentCache corgi:https://registry.npmjs.org/@types%2fnode cache-miss
15 http fetch GET 200 https://registry.npmjs.org/@types%2fnode 181ms (cache updated)
16 silly packumentCache corgi:https://registry.npmjs.org/@types%2fnode set size:undefined disposed:false
17 silly idealTree buildDeps
18 silly fetch manifest @types/node@22.10.1
19 silly packumentCache full:https://registry.npmjs.org/@types%2fnode cache-miss
20 http fetch GET 200 https://registry.npmjs.org/@types%2fnode 170ms (cache miss)
21 silly packumentCache full:https://registry.npmjs.org/@types%2fnode set size:undefined disposed:false
22 silly placeDep ROOT @types/node@22.10.1 OK for:  want: 22.10.1
23 silly fetch manifest undici-types@~6.20.0
24 silly packumentCache full:https://registry.npmjs.org/undici-types cache-miss
25 http fetch GET 200 https://registry.npmjs.org/undici-types 30ms (cache miss)
26 silly packumentCache full:https://registry.npmjs.org/undici-types set size:undefined disposed:false
27 silly placeDep ROOT undici-types@6.20.0 OK for: @types/node@22.10.1 want: ~6.20.0
28 silly reify moves {}
29 silly audit bulk request {
29 silly audit   '@types/alpinejs': [ '3.13.11' ],
29 silly audit   'types-registry': [ '0.1.697' ],
29 silly audit   '@types/node': [ '22.10.1' ],
29 silly audit   'undici-types': [ '6.20.0' ]
29 silly audit }
30 silly tarball no local data for undici-types@https://registry.npmjs.org/undici-types/-/undici-types-6.20.0.tgz. Extracting by manifest.
31 silly tarball no local data for @types/node@https://registry.npmjs.org/@types/node/-/node-22.10.1.tgz. Extracting by manifest.
32 http fetch GET 200 https://registry.npmjs.org/undici-types/-/undici-types-6.20.0.tgz 82ms (cache miss)
33 http fetch POST 200 https://registry.npmjs.org/-/npm/v1/security/advisories/bulk 116ms
34 silly audit report {}
35 http fetch GET 200 https://registry.npmjs.org/@types/node/-/node-22.10.1.tgz 122ms (cache miss)
36 silly ADD node_modules/undici-types
37 silly ADD node_modules/@types/node
38 verbose cwd /home/ubuntu/.cache/typescript/5.6
39 verbose os Linux 6.8.0-1019-aws
40 verbose node v23.2.0
41 verbose npm  v10.9.0
42 verbose exit 0
43 info ok
