0 verbose cli /home/ubuntu/.nvm/versions/node/v23.2.0/bin/node /home/ubuntu/.nvm/versions/node/v23.2.0/bin/npm
1 info using npm@10.9.0
2 info using node@v23.2.0
3 silly config load:file:/home/ubuntu/.nvm/versions/node/v23.2.0/lib/node_modules/npm/npmrc
4 silly config load:file:/home/ubuntu/.cache/typescript/5.6/.npmrc
5 silly config load:file:/home/ubuntu/.npmrc
6 silly config load:file:/home/ubuntu/.nvm/versions/node/v23.2.0/etc/npmrc
7 verbose title npm install @types/alpinejs@ts5.6
8 verbose argv "install" "--ignore-scripts" "@types/alpinejs@ts5.6" "--save-dev" "--user-agent" "typesInstaller/5.6.3"
9 verbose logfile logs-max:10 dir:/home/ubuntu/.npm/_logs/2024-12-03T11_28_16_899Z-
10 verbose logfile /home/ubuntu/.npm/_logs/2024-12-03T11_28_16_899Z-debug-0.log
11 silly logfile start cleaning logs, removing 1 files
12 silly packumentCache heap:2101608448 maxSize:525402112 maxEntrySize:262701056
13 silly logfile done cleaning log files
14 silly packumentCache corgi:https://registry.npmjs.org/@types%2falpinejs cache-miss
15 http fetch GET 200 https://registry.npmjs.org/@types%2falpinejs 628ms (cache miss)
16 silly packumentCache corgi:https://registry.npmjs.org/@types%2falpinejs set size:undefined disposed:false
17 silly idealTree buildDeps
18 silly fetch manifest @types/alpinejs@3.13.11
19 silly packumentCache full:https://registry.npmjs.org/@types%2falpinejs cache-miss
20 http fetch GET 200 https://registry.npmjs.org/@types%2falpinejs 88ms (cache miss)
21 silly packumentCache full:https://registry.npmjs.org/@types%2falpinejs set size:undefined disposed:false
22 silly placeDep ROOT @types/alpinejs@3.13.11 OK for:  want: 3.13.11
23 silly reify moves {}
24 silly audit bulk request { 'types-registry': [ '0.1.697' ], '@types/alpinejs': [ '3.13.11' ] }
25 silly tarball no local data for @types/alpinejs@https://registry.npmjs.org/@types/alpinejs/-/alpinejs-3.13.11.tgz. Extracting by manifest.
26 http fetch POST 200 https://registry.npmjs.org/-/npm/v1/security/advisories/bulk 94ms
27 silly audit report {}
28 http fetch GET 200 https://registry.npmjs.org/@types/alpinejs/-/alpinejs-3.13.11.tgz 90ms (cache miss)
29 silly ADD node_modules/@types/alpinejs
30 verbose cwd /home/ubuntu/.cache/typescript/5.6
31 verbose os Linux 6.8.0-1019-aws
32 verbose node v23.2.0
33 verbose npm  v10.9.0
34 verbose exit 0
35 info ok
