2024-12-08 08:48:53.915 [info] Extension host with pid 2167 started
2024-12-08 08:48:53.915 [error] Error: EEXIST: file already exists, open '/home/ubuntu/.vscode-server/data/User/workspaceStorage/b44e3ff2cc5072e8542331484ead4db2/vscode.lock'
2024-12-08 08:48:53.919 [info] Lock '/home/ubuntu/.vscode-server/data/User/workspaceStorage/b44e3ff2cc5072e8542331484ead4db2/vscode.lock': Could not acquire lock, checking if the file is stale.
2024-12-08 08:48:53.966 [info] Lock '/home/ubuntu/.vscode-server/data/User/workspaceStorage/b44e3ff2cc5072e8542331484ead4db2/vscode.lock': The lock looks stale, waiting for 2s.
2024-12-08 08:48:54.283 [info] ExtensionService#_doActivateExtension vscode.tunnel-forwarding, startup: false, activationEvent: 'onTunnel'
2024-12-08 08:48:54.285 [info] ExtensionService#_doActivateExtension vscode.emmet, startup: false, activationEvent: 'onLanguage'
2024-12-08 08:48:54.285 [info] ExtensionService#_doActivateExtension vscode.git-base, startup: false, activationEvent: '*', root cause: vscode.git
2024-12-08 08:48:55.287 [info] ExtensionService#_doActivateExtension vscode.npm, startup: true, activationEvent: 'workspaceContains:package.json'
2024-12-08 08:48:55.967 [info] Lock '/home/ubuntu/.vscode-server/data/User/workspaceStorage/b44e3ff2cc5072e8542331484ead4db2/vscode.lock': The lock looks stale even after waiting for 2s.
2024-12-08 08:48:55.967 [info] Lock '/home/ubuntu/.vscode-server/data/User/workspaceStorage/b44e3ff2cc5072e8542331484ead4db2/vscode.lock': Deleting a stale lock.
2024-12-08 08:48:55.973 [info] Lock '/home/ubuntu/.vscode-server/data/User/workspaceStorage/b44e3ff2cc5072e8542331484ead4db2/vscode.lock': Lock acquired.
2024-12-08 08:48:56.081 [info] ExtensionService#_doActivateExtension vscode.git, startup: false, activationEvent: '*'
2024-12-08 08:48:56.081 [info] ExtensionService#_doActivateExtension vscode.github, startup: false, activationEvent: '*'
2024-12-08 08:48:56.412 [info] Eager extensions activated
2024-12-08 08:48:56.412 [info] ExtensionService#_doActivateExtension vscode.debug-auto-launch, startup: false, activationEvent: 'onStartupFinished'
2024-12-08 08:48:56.413 [info] ExtensionService#_doActivateExtension vscode.merge-conflict, startup: false, activationEvent: 'onStartupFinished'
2024-12-08 08:49:01.806 [info] ExtensionService#_doActivateExtension vscode.configuration-editing, startup: false, activationEvent: 'onLanguage:json'
2024-12-08 08:49:01.806 [info] ExtensionService#_doActivateExtension vscode.extension-editing, startup: false, activationEvent: 'onLanguage:json'
2024-12-08 08:49:01.806 [info] ExtensionService#_doActivateExtension vscode.json-language-features, startup: false, activationEvent: 'onLanguage:json'
2024-12-08 09:32:11.442 [info] ExtensionService#_doActivateExtension vscode.php-language-features, startup: false, activationEvent: 'onLanguage:php'
