2024-12-06 08:24:55.458 [info] Extension host with pid 4222 started
2024-12-06 08:24:55.458 [error] Error: EEXIST: file already exists, open '/home/ubuntu/.vscode-server/data/User/workspaceStorage/b44e3ff2cc5072e8542331484ead4db2/vscode.lock'
2024-12-06 08:24:55.461 [info] Lock '/home/ubuntu/.vscode-server/data/User/workspaceStorage/b44e3ff2cc5072e8542331484ead4db2/vscode.lock': Could not acquire lock, checking if the file is stale.
2024-12-06 08:24:55.515 [info] Lock '/home/ubuntu/.vscode-server/data/User/workspaceStorage/b44e3ff2cc5072e8542331484ead4db2/vscode.lock': The pid 2833 appears to be gone.
2024-12-06 08:24:55.515 [info] Lock '/home/ubuntu/.vscode-server/data/User/workspaceStorage/b44e3ff2cc5072e8542331484ead4db2/vscode.lock': Deleting a stale lock.
2024-12-06 08:24:55.530 [info] Lock '/home/ubuntu/.vscode-server/data/User/workspaceStorage/b44e3ff2cc5072e8542331484ead4db2/vscode.lock': Lock acquired.
2024-12-06 08:24:55.834 [info] ExtensionService#_doActivateExtension vscode.emmet, startup: false, activationEvent: 'onLanguage'
2024-12-06 08:24:55.835 [info] ExtensionService#_doActivateExtension vscode.tunnel-forwarding, startup: false, activationEvent: 'onTunnel'
2024-12-06 08:24:55.835 [info] ExtensionService#_doActivateExtension vscode.php-language-features, startup: false, activationEvent: 'onLanguage:php'
2024-12-06 08:24:55.836 [info] ExtensionService#_doActivateExtension vscode.git-base, startup: false, activationEvent: '*', root cause: vscode.git
2024-12-06 08:24:56.021 [info] ExtensionService#_doActivateExtension vscode.git, startup: false, activationEvent: '*'
2024-12-06 08:24:56.021 [info] ExtensionService#_doActivateExtension vscode.github, startup: false, activationEvent: '*'
2024-12-06 08:24:56.581 [info] ExtensionService#_doActivateExtension vscode.npm, startup: true, activationEvent: 'workspaceContains:package.json'
2024-12-06 08:24:56.768 [info] Eager extensions activated
2024-12-06 08:24:56.768 [info] ExtensionService#_doActivateExtension vscode.debug-auto-launch, startup: false, activationEvent: 'onStartupFinished'
2024-12-06 08:24:56.769 [info] ExtensionService#_doActivateExtension vscode.merge-conflict, startup: false, activationEvent: 'onStartupFinished'
2024-12-06 08:25:02.595 [info] ExtensionService#_doActivateExtension vscode.configuration-editing, startup: false, activationEvent: 'onLanguage:json'
2024-12-06 08:25:02.595 [info] ExtensionService#_doActivateExtension vscode.extension-editing, startup: false, activationEvent: 'onLanguage:json'
2024-12-06 08:25:02.595 [info] ExtensionService#_doActivateExtension vscode.json-language-features, startup: false, activationEvent: 'onLanguage:json'
2024-12-06 08:33:18.633 [info] Extension host terminating: received terminate message from renderer
2024-12-06 08:33:18.634 [info] Lock '/home/ubuntu/.vscode-server/data/User/workspaceStorage/b44e3ff2cc5072e8542331484ead4db2/vscode.lock': Marking the lockfile as scheduled to be released in 6000 ms.
2024-12-06 08:33:18.660 [info] Extension host with pid 4222 exiting with code 0
