2024-12-06 08:35:17.187 [info] [main] Log level: Info
2024-12-06 08:35:17.188 [info] [main] Validating found git in: "git"
2024-12-06 08:35:17.188 [info] [main] Using git "2.34.1" from "git"
2024-12-06 08:35:17.188 [info] [Model][doInitialScan] Initial repository scan started
2024-12-06 08:35:17.188 [info] > git rev-parse --show-toplevel [39ms]
2024-12-06 08:35:17.188 [info] fatal: not a git repository (or any of the parent directories): .git
2024-12-06 08:35:17.188 [info] > git rev-parse --show-toplevel [1ms]
2024-12-06 08:35:17.188 [info] fatal: not a git repository (or any of the parent directories): .git
2024-12-06 08:35:17.188 [info] > git rev-parse --show-toplevel [1ms]
2024-12-06 08:35:17.188 [info] fatal: not a git repository (or any of the parent directories): .git
2024-12-06 08:35:17.188 [info] > git rev-parse --show-toplevel [2ms]
2024-12-06 08:35:17.188 [info] fatal: not a git repository (or any of the parent directories): .git
2024-12-06 08:35:17.188 [info] > git rev-parse --show-toplevel [1ms]
2024-12-06 08:35:17.188 [info] fatal: not a git repository (or any of the parent directories): .git
2024-12-06 08:35:17.192 [info] > git rev-parse --show-toplevel [1ms]
2024-12-06 08:35:17.192 [info] fatal: not a git repository (or any of the parent directories): .git
2024-12-06 08:35:17.196 [info] > git rev-parse --show-toplevel [0ms]
2024-12-06 08:35:17.196 [info] fatal: not a git repository (or any of the parent directories): .git
2024-12-06 08:35:17.199 [info] > git rev-parse --show-toplevel [1ms]
2024-12-06 08:35:17.199 [info] fatal: not a git repository (or any of the parent directories): .git
2024-12-06 08:35:17.203 [info] > git rev-parse --show-toplevel [1ms]
2024-12-06 08:35:17.203 [info] fatal: not a git repository (or any of the parent directories): .git
2024-12-06 08:35:17.206 [info] > git rev-parse --show-toplevel [0ms]
2024-12-06 08:35:17.206 [info] fatal: not a git repository (or any of the parent directories): .git
2024-12-06 08:35:17.212 [info] > git rev-parse --show-toplevel [0ms]
2024-12-06 08:35:17.212 [info] fatal: not a git repository (or any of the parent directories): .git
2024-12-06 08:35:17.216 [info] > git rev-parse --show-toplevel [0ms]
2024-12-06 08:35:17.216 [info] fatal: not a git repository (or any of the parent directories): .git
2024-12-06 08:35:17.220 [info] [Model][doInitialScan] Initial repository scan completed - repositories (0), closed repositories (0), parent repositories (0), unsafe repositories (0)
